nohup: ignoring input
CMake Warning:
  Ignoring extra path from command line:

   "/home/eikan/local_disk/liaoxuan/flash_attention_cuda/build/tpms_base=2.394350"


CMake Warning:
  Ignoring extra path from command line:

   "__kmp_ticks_per_nsec=2"


-- PyTorch: CUDA detected: 11.8
-- PyTorch: CUDA nvcc is: /usr/local/cuda/bin/nvcc
-- PyTorch: CUDA toolkit directory: /usr/local/cuda
-- PyTorch: Header version is: 11.8
CMake Warning at /home/eikan/local_disk/liaoxuan/anaconda3/envs/cuda/lib/python3.9/site-packages/torch/share/cmake/Caffe2/public/cuda.cmake:140 (message):
  Failed to compute shorthash for libnvrtc.so
Call Stack (most recent call first):
  /home/eikan/local_disk/liaoxuan/anaconda3/envs/cuda/lib/python3.9/site-packages/torch/share/cmake/Caffe2/Caffe2Config.cmake:86 (include)
  /home/eikan/local_disk/liaoxuan/anaconda3/envs/cuda/lib/python3.9/site-packages/torch/share/cmake/Torch/TorchConfig.cmake:68 (find_package)
  CMakeLists.txt:37 (find_package)


CMake Warning (dev) at /home/eikan/local_disk/liaoxuan/anaconda3/envs/cuda/share/cmake-3.26/Modules/FindPackageHandleStandardArgs.cmake:438 (message):
  The package name passed to `find_package_handle_standard_args` (nvtx3) does
  not match the name of the calling package (Caffe2).  This can lead to
  problems in calling code that expects `find_package` result variables
  (e.g., `_FOUND`) to follow a certain pattern.
Call Stack (most recent call first):
  /home/eikan/local_disk/liaoxuan/anaconda3/envs/cuda/lib/python3.9/site-packages/torch/share/cmake/Caffe2/public/cuda.cmake:178 (find_package_handle_standard_args)
  /home/eikan/local_disk/liaoxuan/anaconda3/envs/cuda/lib/python3.9/site-packages/torch/share/cmake/Caffe2/Caffe2Config.cmake:86 (include)
  /home/eikan/local_disk/liaoxuan/anaconda3/envs/cuda/lib/python3.9/site-packages/torch/share/cmake/Torch/TorchConfig.cmake:68 (find_package)
  CMakeLists.txt:37 (find_package)
This warning is for project developers.  Use -Wno-dev to suppress it.

-- Could NOT find nvtx3 (missing: nvtx3_dir) 
CMake Warning at /home/eikan/local_disk/liaoxuan/anaconda3/envs/cuda/lib/python3.9/site-packages/torch/share/cmake/Caffe2/public/cuda.cmake:184 (message):
  Cannot find NVTX3, find old NVTX instead
Call Stack (most recent call first):
  /home/eikan/local_disk/liaoxuan/anaconda3/envs/cuda/lib/python3.9/site-packages/torch/share/cmake/Caffe2/Caffe2Config.cmake:86 (include)
  /home/eikan/local_disk/liaoxuan/anaconda3/envs/cuda/lib/python3.9/site-packages/torch/share/cmake/Torch/TorchConfig.cmake:68 (find_package)
  CMakeLists.txt:37 (find_package)


-- USE_CUSPARSELT is set to 0. Compiling without cuSPARSELt support
-- USE_CUDSS is set to 0. Compiling without cuDSS support
-- USE_CUFILE is set to 0. Compiling without cuFile support
-- Autodetected CUDA architecture(s):  8.6
-- Added CUDA NVCC flags for: -gencode;arch=compute_86,code=sm_86
CMake Warning at /home/eikan/local_disk/liaoxuan/anaconda3/envs/cuda/lib/python3.9/site-packages/torch/share/cmake/Torch/TorchConfig.cmake:22 (message):
  static library kineto_LIBRARY-NOTFOUND not found.
Call Stack (most recent call first):
  /home/eikan/local_disk/liaoxuan/anaconda3/envs/cuda/lib/python3.9/site-packages/torch/share/cmake/Torch/TorchConfig.cmake:125 (append_torchlib_if_found)
  CMakeLists.txt:37 (find_package)


TORCH_LIBRARIES: torch;torch_library;/home/eikan/local_disk/liaoxuan/anaconda3/envs/cuda/lib/python3.9/site-packages/torch/lib/libc10.so;/usr/local/cuda/lib64/libnvrtc.so;torch::nvtoolsext;/home/eikan/local_disk/liaoxuan/anaconda3/envs/cuda/lib/python3.9/site-packages/torch/lib/libc10_cuda.so
-- Configuring done (3.9s)
-- Generating done (0.0s)
-- Build files have been written to: /home/eikan/local_disk/liaoxuan/flash_attention_cuda/build
/home/eikan/local_disk/liaoxuan/anaconda3/envs/cuda/bin/cmake -S/home/eikan/local_disk/liaoxuan/flash_attention_cuda -B/home/eikan/local_disk/liaoxuan/flash_attention_cuda/build --check-build-system CMakeFiles/Makefile.cmake 0
/home/eikan/local_disk/liaoxuan/anaconda3/envs/cuda/bin/cmake -E cmake_progress_start /home/eikan/local_disk/liaoxuan/flash_attention_cuda/build/CMakeFiles /home/eikan/local_disk/liaoxuan/flash_attention_cuda/build//CMakeFiles/progress.marks
make  -f CMakeFiles/Makefile2 all
make[1]: Entering directory '/home/eikan/local_disk/liaoxuan/flash_attention_cuda/build'
make  -f CMakeFiles/flash_attention_libs.dir/build.make CMakeFiles/flash_attention_libs.dir/depend
make[2]: Entering directory '/home/eikan/local_disk/liaoxuan/flash_attention_cuda/build'
cd /home/eikan/local_disk/liaoxuan/flash_attention_cuda/build && /home/eikan/local_disk/liaoxuan/anaconda3/envs/cuda/bin/cmake -E cmake_depends "Unix Makefiles" /home/eikan/local_disk/liaoxuan/flash_attention_cuda /home/eikan/local_disk/liaoxuan/flash_attention_cuda /home/eikan/local_disk/liaoxuan/flash_attention_cuda/build /home/eikan/local_disk/liaoxuan/flash_attention_cuda/build /home/eikan/local_disk/liaoxuan/flash_attention_cuda/build/CMakeFiles/flash_attention_libs.dir/DependInfo.cmake --color=
Dependencies file "CMakeFiles/flash_attention_libs.dir/home/eikan/local_disk/liaoxuan/flash-attention/csrc/flash_attn/src/flash_bwd_hdim128_bf16_causal_sm80.cu.o.d" is newer than depends file "/home/eikan/local_disk/liaoxuan/flash_attention_cuda/build/CMakeFiles/flash_attention_libs.dir/compiler_depend.internal".
Dependencies file "CMakeFiles/flash_attention_libs.dir/home/eikan/local_disk/liaoxuan/flash-attention/csrc/flash_attn/src/flash_bwd_hdim128_bf16_sm80.cu.o.d" is newer than depends file "/home/eikan/local_disk/liaoxuan/flash_attention_cuda/build/CMakeFiles/flash_attention_libs.dir/compiler_depend.internal".
Dependencies file "CMakeFiles/flash_attention_libs.dir/home/eikan/local_disk/liaoxuan/flash-attention/csrc/flash_attn/src/flash_bwd_hdim128_fp16_causal_sm80.cu.o.d" is newer than depends file "/home/eikan/local_disk/liaoxuan/flash_attention_cuda/build/CMakeFiles/flash_attention_libs.dir/compiler_depend.internal".
Dependencies file "CMakeFiles/flash_attention_libs.dir/home/eikan/local_disk/liaoxuan/flash-attention/csrc/flash_attn/src/flash_bwd_hdim128_fp16_sm80.cu.o.d" is newer than depends file "/home/eikan/local_disk/liaoxuan/flash_attention_cuda/build/CMakeFiles/flash_attention_libs.dir/compiler_depend.internal".
Dependencies file "CMakeFiles/flash_attention_libs.dir/home/eikan/local_disk/liaoxuan/flash-attention/csrc/flash_attn/src/flash_bwd_hdim160_bf16_causal_sm80.cu.o.d" is newer than depends file "/home/eikan/local_disk/liaoxuan/flash_attention_cuda/build/CMakeFiles/flash_attention_libs.dir/compiler_depend.internal".
Dependencies file "CMakeFiles/flash_attention_libs.dir/home/eikan/local_disk/liaoxuan/flash-attention/csrc/flash_attn/src/flash_bwd_hdim160_bf16_sm80.cu.o.d" is newer than depends file "/home/eikan/local_disk/liaoxuan/flash_attention_cuda/build/CMakeFiles/flash_attention_libs.dir/compiler_depend.internal".
Dependencies file "CMakeFiles/flash_attention_libs.dir/home/eikan/local_disk/liaoxuan/flash-attention/csrc/flash_attn/src/flash_bwd_hdim160_fp16_causal_sm80.cu.o.d" is newer than depends file "/home/eikan/local_disk/liaoxuan/flash_attention_cuda/build/CMakeFiles/flash_attention_libs.dir/compiler_depend.internal".
Dependencies file "CMakeFiles/flash_attention_libs.dir/home/eikan/local_disk/liaoxuan/flash-attention/csrc/flash_attn/src/flash_bwd_hdim160_fp16_sm80.cu.o.d" is newer than depends file "/home/eikan/local_disk/liaoxuan/flash_attention_cuda/build/CMakeFiles/flash_attention_libs.dir/compiler_depend.internal".
Dependencies file "CMakeFiles/flash_attention_libs.dir/home/eikan/local_disk/liaoxuan/flash-attention/csrc/flash_attn/src/flash_bwd_hdim192_bf16_causal_sm80.cu.o.d" is newer than depends file "/home/eikan/local_disk/liaoxuan/flash_attention_cuda/build/CMakeFiles/flash_attention_libs.dir/compiler_depend.internal".
Dependencies file "CMakeFiles/flash_attention_libs.dir/home/eikan/local_disk/liaoxuan/flash-attention/csrc/flash_attn/src/flash_bwd_hdim192_bf16_sm80.cu.o.d" is newer than depends file "/home/eikan/local_disk/liaoxuan/flash_attention_cuda/build/CMakeFiles/flash_attention_libs.dir/compiler_depend.internal".
Dependencies file "CMakeFiles/flash_attention_libs.dir/home/eikan/local_disk/liaoxuan/flash-attention/csrc/flash_attn/src/flash_bwd_hdim192_fp16_causal_sm80.cu.o.d" is newer than depends file "/home/eikan/local_disk/liaoxuan/flash_attention_cuda/build/CMakeFiles/flash_attention_libs.dir/compiler_depend.internal".
Dependencies file "CMakeFiles/flash_attention_libs.dir/home/eikan/local_disk/liaoxuan/flash-attention/csrc/flash_attn/src/flash_bwd_hdim192_fp16_sm80.cu.o.d" is newer than depends file "/home/eikan/local_disk/liaoxuan/flash_attention_cuda/build/CMakeFiles/flash_attention_libs.dir/compiler_depend.internal".
Dependencies file "CMakeFiles/flash_attention_libs.dir/home/eikan/local_disk/liaoxuan/flash-attention/csrc/flash_attn/src/flash_bwd_hdim256_bf16_causal_sm80.cu.o.d" is newer than depends file "/home/eikan/local_disk/liaoxuan/flash_attention_cuda/build/CMakeFiles/flash_attention_libs.dir/compiler_depend.internal".
Dependencies file "CMakeFiles/flash_attention_libs.dir/home/eikan/local_disk/liaoxuan/flash-attention/csrc/flash_attn/src/flash_bwd_hdim256_bf16_sm80.cu.o.d" is newer than depends file "/home/eikan/local_disk/liaoxuan/flash_attention_cuda/build/CMakeFiles/flash_attention_libs.dir/compiler_depend.internal".
Dependencies file "CMakeFiles/flash_attention_libs.dir/home/eikan/local_disk/liaoxuan/flash-attention/csrc/flash_attn/src/flash_bwd_hdim256_fp16_causal_sm80.cu.o.d" is newer than depends file "/home/eikan/local_disk/liaoxuan/flash_attention_cuda/build/CMakeFiles/flash_attention_libs.dir/compiler_depend.internal".
Dependencies file "CMakeFiles/flash_attention_libs.dir/home/eikan/local_disk/liaoxuan/flash-attention/csrc/flash_attn/src/flash_bwd_hdim256_fp16_sm80.cu.o.d" is newer than depends file "/home/eikan/local_disk/liaoxuan/flash_attention_cuda/build/CMakeFiles/flash_attention_libs.dir/compiler_depend.internal".
Dependencies file "CMakeFiles/flash_attention_libs.dir/home/eikan/local_disk/liaoxuan/flash-attention/csrc/flash_attn/src/flash_bwd_hdim32_bf16_causal_sm80.cu.o.d" is newer than depends file "/home/eikan/local_disk/liaoxuan/flash_attention_cuda/build/CMakeFiles/flash_attention_libs.dir/compiler_depend.internal".
Dependencies file "CMakeFiles/flash_attention_libs.dir/home/eikan/local_disk/liaoxuan/flash-attention/csrc/flash_attn/src/flash_bwd_hdim32_bf16_sm80.cu.o.d" is newer than depends file "/home/eikan/local_disk/liaoxuan/flash_attention_cuda/build/CMakeFiles/flash_attention_libs.dir/compiler_depend.internal".
Dependencies file "CMakeFiles/flash_attention_libs.dir/home/eikan/local_disk/liaoxuan/flash-attention/csrc/flash_attn/src/flash_bwd_hdim32_fp16_causal_sm80.cu.o.d" is newer than depends file "/home/eikan/local_disk/liaoxuan/flash_attention_cuda/build/CMakeFiles/flash_attention_libs.dir/compiler_depend.internal".
Dependencies file "CMakeFiles/flash_attention_libs.dir/home/eikan/local_disk/liaoxuan/flash-attention/csrc/flash_attn/src/flash_bwd_hdim32_fp16_sm80.cu.o.d" is newer than depends file "/home/eikan/local_disk/liaoxuan/flash_attention_cuda/build/CMakeFiles/flash_attention_libs.dir/compiler_depend.internal".
Dependencies file "CMakeFiles/flash_attention_libs.dir/home/eikan/local_disk/liaoxuan/flash-attention/csrc/flash_attn/src/flash_bwd_hdim64_bf16_causal_sm80.cu.o.d" is newer than depends file "/home/eikan/local_disk/liaoxuan/flash_attention_cuda/build/CMakeFiles/flash_attention_libs.dir/compiler_depend.internal".
Dependencies file "CMakeFiles/flash_attention_libs.dir/home/eikan/local_disk/liaoxuan/flash-attention/csrc/flash_attn/src/flash_bwd_hdim64_bf16_sm80.cu.o.d" is newer than depends file "/home/eikan/local_disk/liaoxuan/flash_attention_cuda/build/CMakeFiles/flash_attention_libs.dir/compiler_depend.internal".
Dependencies file "CMakeFiles/flash_attention_libs.dir/home/eikan/local_disk/liaoxuan/flash-attention/csrc/flash_attn/src/flash_bwd_hdim64_fp16_causal_sm80.cu.o.d" is newer than depends file "/home/eikan/local_disk/liaoxuan/flash_attention_cuda/build/CMakeFiles/flash_attention_libs.dir/compiler_depend.internal".
Dependencies file "CMakeFiles/flash_attention_libs.dir/home/eikan/local_disk/liaoxuan/flash-attention/csrc/flash_attn/src/flash_bwd_hdim64_fp16_sm80.cu.o.d" is newer than depends file "/home/eikan/local_disk/liaoxuan/flash_attention_cuda/build/CMakeFiles/flash_attention_libs.dir/compiler_depend.internal".
Dependencies file "CMakeFiles/flash_attention_libs.dir/home/eikan/local_disk/liaoxuan/flash-attention/csrc/flash_attn/src/flash_bwd_hdim96_bf16_causal_sm80.cu.o.d" is newer than depends file "/home/eikan/local_disk/liaoxuan/flash_attention_cuda/build/CMakeFiles/flash_attention_libs.dir/compiler_depend.internal".
Dependencies file "CMakeFiles/flash_attention_libs.dir/home/eikan/local_disk/liaoxuan/flash-attention/csrc/flash_attn/src/flash_bwd_hdim96_bf16_sm80.cu.o.d" is newer than depends file "/home/eikan/local_disk/liaoxuan/flash_attention_cuda/build/CMakeFiles/flash_attention_libs.dir/compiler_depend.internal".
Dependencies file "CMakeFiles/flash_attention_libs.dir/home/eikan/local_disk/liaoxuan/flash-attention/csrc/flash_attn/src/flash_bwd_hdim96_fp16_causal_sm80.cu.o.d" is newer than depends file "/home/eikan/local_disk/liaoxuan/flash_attention_cuda/build/CMakeFiles/flash_attention_libs.dir/compiler_depend.internal".
Dependencies file "CMakeFiles/flash_attention_libs.dir/home/eikan/local_disk/liaoxuan/flash-attention/csrc/flash_attn/src/flash_bwd_hdim96_fp16_sm80.cu.o.d" is newer than depends file "/home/eikan/local_disk/liaoxuan/flash_attention_cuda/build/CMakeFiles/flash_attention_libs.dir/compiler_depend.internal".
Dependencies file "CMakeFiles/flash_attention_libs.dir/home/eikan/local_disk/liaoxuan/flash-attention/csrc/flash_attn/src/flash_fwd_hdim128_bf16_causal_sm80.cu.o.d" is newer than depends file "/home/eikan/local_disk/liaoxuan/flash_attention_cuda/build/CMakeFiles/flash_attention_libs.dir/compiler_depend.internal".
Dependencies file "CMakeFiles/flash_attention_libs.dir/home/eikan/local_disk/liaoxuan/flash-attention/csrc/flash_attn/src/flash_fwd_hdim128_bf16_sm80.cu.o.d" is newer than depends file "/home/eikan/local_disk/liaoxuan/flash_attention_cuda/build/CMakeFiles/flash_attention_libs.dir/compiler_depend.internal".
Dependencies file "CMakeFiles/flash_attention_libs.dir/home/eikan/local_disk/liaoxuan/flash-attention/csrc/flash_attn/src/flash_fwd_hdim128_fp16_causal_sm80.cu.o.d" is newer than depends file "/home/eikan/local_disk/liaoxuan/flash_attention_cuda/build/CMakeFiles/flash_attention_libs.dir/compiler_depend.internal".
Dependencies file "CMakeFiles/flash_attention_libs.dir/home/eikan/local_disk/liaoxuan/flash-attention/csrc/flash_attn/src/flash_fwd_hdim128_fp16_sm80.cu.o.d" is newer than depends file "/home/eikan/local_disk/liaoxuan/flash_attention_cuda/build/CMakeFiles/flash_attention_libs.dir/compiler_depend.internal".
Dependencies file "CMakeFiles/flash_attention_libs.dir/home/eikan/local_disk/liaoxuan/flash-attention/csrc/flash_attn/src/flash_fwd_hdim160_bf16_causal_sm80.cu.o.d" is newer than depends file "/home/eikan/local_disk/liaoxuan/flash_attention_cuda/build/CMakeFiles/flash_attention_libs.dir/compiler_depend.internal".
Dependencies file "CMakeFiles/flash_attention_libs.dir/home/eikan/local_disk/liaoxuan/flash-attention/csrc/flash_attn/src/flash_fwd_hdim160_bf16_sm80.cu.o.d" is newer than depends file "/home/eikan/local_disk/liaoxuan/flash_attention_cuda/build/CMakeFiles/flash_attention_libs.dir/compiler_depend.internal".
Dependencies file "CMakeFiles/flash_attention_libs.dir/home/eikan/local_disk/liaoxuan/flash-attention/csrc/flash_attn/src/flash_fwd_hdim160_fp16_causal_sm80.cu.o.d" is newer than depends file "/home/eikan/local_disk/liaoxuan/flash_attention_cuda/build/CMakeFiles/flash_attention_libs.dir/compiler_depend.internal".
Dependencies file "CMakeFiles/flash_attention_libs.dir/home/eikan/local_disk/liaoxuan/flash-attention/csrc/flash_attn/src/flash_fwd_hdim160_fp16_sm80.cu.o.d" is newer than depends file "/home/eikan/local_disk/liaoxuan/flash_attention_cuda/build/CMakeFiles/flash_attention_libs.dir/compiler_depend.internal".
Dependencies file "CMakeFiles/flash_attention_libs.dir/home/eikan/local_disk/liaoxuan/flash-attention/csrc/flash_attn/src/flash_fwd_hdim192_bf16_causal_sm80.cu.o.d" is newer than depends file "/home/eikan/local_disk/liaoxuan/flash_attention_cuda/build/CMakeFiles/flash_attention_libs.dir/compiler_depend.internal".
Dependencies file "CMakeFiles/flash_attention_libs.dir/home/eikan/local_disk/liaoxuan/flash-attention/csrc/flash_attn/src/flash_fwd_hdim192_bf16_sm80.cu.o.d" is newer than depends file "/home/eikan/local_disk/liaoxuan/flash_attention_cuda/build/CMakeFiles/flash_attention_libs.dir/compiler_depend.internal".
Dependencies file "CMakeFiles/flash_attention_libs.dir/home/eikan/local_disk/liaoxuan/flash-attention/csrc/flash_attn/src/flash_fwd_hdim192_fp16_causal_sm80.cu.o.d" is newer than depends file "/home/eikan/local_disk/liaoxuan/flash_attention_cuda/build/CMakeFiles/flash_attention_libs.dir/compiler_depend.internal".
Dependencies file "CMakeFiles/flash_attention_libs.dir/home/eikan/local_disk/liaoxuan/flash-attention/csrc/flash_attn/src/flash_fwd_hdim192_fp16_sm80.cu.o.d" is newer than depends file "/home/eikan/local_disk/liaoxuan/flash_attention_cuda/build/CMakeFiles/flash_attention_libs.dir/compiler_depend.internal".
Dependencies file "CMakeFiles/flash_attention_libs.dir/home/eikan/local_disk/liaoxuan/flash-attention/csrc/flash_attn/src/flash_fwd_hdim256_bf16_causal_sm80.cu.o.d" is newer than depends file "/home/eikan/local_disk/liaoxuan/flash_attention_cuda/build/CMakeFiles/flash_attention_libs.dir/compiler_depend.internal".
Dependencies file "CMakeFiles/flash_attention_libs.dir/home/eikan/local_disk/liaoxuan/flash-attention/csrc/flash_attn/src/flash_fwd_hdim256_bf16_sm80.cu.o.d" is newer than depends file "/home/eikan/local_disk/liaoxuan/flash_attention_cuda/build/CMakeFiles/flash_attention_libs.dir/compiler_depend.internal".
Dependencies file "CMakeFiles/flash_attention_libs.dir/home/eikan/local_disk/liaoxuan/flash-attention/csrc/flash_attn/src/flash_fwd_hdim256_fp16_causal_sm80.cu.o.d" is newer than depends file "/home/eikan/local_disk/liaoxuan/flash_attention_cuda/build/CMakeFiles/flash_attention_libs.dir/compiler_depend.internal".
Dependencies file "CMakeFiles/flash_attention_libs.dir/home/eikan/local_disk/liaoxuan/flash-attention/csrc/flash_attn/src/flash_fwd_hdim256_fp16_sm80.cu.o.d" is newer than depends file "/home/eikan/local_disk/liaoxuan/flash_attention_cuda/build/CMakeFiles/flash_attention_libs.dir/compiler_depend.internal".
Dependencies file "CMakeFiles/flash_attention_libs.dir/home/eikan/local_disk/liaoxuan/flash-attention/csrc/flash_attn/src/flash_fwd_hdim32_bf16_causal_sm80.cu.o.d" is newer than depends file "/home/eikan/local_disk/liaoxuan/flash_attention_cuda/build/CMakeFiles/flash_attention_libs.dir/compiler_depend.internal".
Dependencies file "CMakeFiles/flash_attention_libs.dir/home/eikan/local_disk/liaoxuan/flash-attention/csrc/flash_attn/src/flash_fwd_hdim32_bf16_sm80.cu.o.d" is newer than depends file "/home/eikan/local_disk/liaoxuan/flash_attention_cuda/build/CMakeFiles/flash_attention_libs.dir/compiler_depend.internal".
Dependencies file "CMakeFiles/flash_attention_libs.dir/home/eikan/local_disk/liaoxuan/flash-attention/csrc/flash_attn/src/flash_fwd_hdim32_fp16_causal_sm80.cu.o.d" is newer than depends file "/home/eikan/local_disk/liaoxuan/flash_attention_cuda/build/CMakeFiles/flash_attention_libs.dir/compiler_depend.internal".
Dependencies file "CMakeFiles/flash_attention_libs.dir/home/eikan/local_disk/liaoxuan/flash-attention/csrc/flash_attn/src/flash_fwd_hdim32_fp16_sm80.cu.o.d" is newer than depends file "/home/eikan/local_disk/liaoxuan/flash_attention_cuda/build/CMakeFiles/flash_attention_libs.dir/compiler_depend.internal".
Dependencies file "CMakeFiles/flash_attention_libs.dir/home/eikan/local_disk/liaoxuan/flash-attention/csrc/flash_attn/src/flash_fwd_hdim64_bf16_causal_sm80.cu.o.d" is newer than depends file "/home/eikan/local_disk/liaoxuan/flash_attention_cuda/build/CMakeFiles/flash_attention_libs.dir/compiler_depend.internal".
Dependencies file "CMakeFiles/flash_attention_libs.dir/home/eikan/local_disk/liaoxuan/flash-attention/csrc/flash_attn/src/flash_fwd_hdim64_bf16_sm80.cu.o.d" is newer than depends file "/home/eikan/local_disk/liaoxuan/flash_attention_cuda/build/CMakeFiles/flash_attention_libs.dir/compiler_depend.internal".
Dependencies file "CMakeFiles/flash_attention_libs.dir/home/eikan/local_disk/liaoxuan/flash-attention/csrc/flash_attn/src/flash_fwd_hdim64_fp16_causal_sm80.cu.o.d" is newer than depends file "/home/eikan/local_disk/liaoxuan/flash_attention_cuda/build/CMakeFiles/flash_attention_libs.dir/compiler_depend.internal".
Dependencies file "CMakeFiles/flash_attention_libs.dir/home/eikan/local_disk/liaoxuan/flash-attention/csrc/flash_attn/src/flash_fwd_hdim64_fp16_sm80.cu.o.d" is newer than depends file "/home/eikan/local_disk/liaoxuan/flash_attention_cuda/build/CMakeFiles/flash_attention_libs.dir/compiler_depend.internal".
Dependencies file "CMakeFiles/flash_attention_libs.dir/home/eikan/local_disk/liaoxuan/flash-attention/csrc/flash_attn/src/flash_fwd_hdim96_bf16_causal_sm80.cu.o.d" is newer than depends file "/home/eikan/local_disk/liaoxuan/flash_attention_cuda/build/CMakeFiles/flash_attention_libs.dir/compiler_depend.internal".
Dependencies file "CMakeFiles/flash_attention_libs.dir/home/eikan/local_disk/liaoxuan/flash-attention/csrc/flash_attn/src/flash_fwd_hdim96_bf16_sm80.cu.o.d" is newer than depends file "/home/eikan/local_disk/liaoxuan/flash_attention_cuda/build/CMakeFiles/flash_attention_libs.dir/compiler_depend.internal".
Dependencies file "CMakeFiles/flash_attention_libs.dir/home/eikan/local_disk/liaoxuan/flash-attention/csrc/flash_attn/src/flash_fwd_hdim96_fp16_causal_sm80.cu.o.d" is newer than depends file "/home/eikan/local_disk/liaoxuan/flash_attention_cuda/build/CMakeFiles/flash_attention_libs.dir/compiler_depend.internal".
Dependencies file "CMakeFiles/flash_attention_libs.dir/home/eikan/local_disk/liaoxuan/flash-attention/csrc/flash_attn/src/flash_fwd_hdim96_fp16_sm80.cu.o.d" is newer than depends file "/home/eikan/local_disk/liaoxuan/flash_attention_cuda/build/CMakeFiles/flash_attention_libs.dir/compiler_depend.internal".
Dependencies file "CMakeFiles/flash_attention_libs.dir/home/eikan/local_disk/liaoxuan/flash-attention/csrc/flash_attn/src/flash_fwd_split_hdim128_bf16_causal_sm80.cu.o.d" is newer than depends file "/home/eikan/local_disk/liaoxuan/flash_attention_cuda/build/CMakeFiles/flash_attention_libs.dir/compiler_depend.internal".
Dependencies file "CMakeFiles/flash_attention_libs.dir/home/eikan/local_disk/liaoxuan/flash-attention/csrc/flash_attn/src/flash_fwd_split_hdim128_bf16_sm80.cu.o.d" is newer than depends file "/home/eikan/local_disk/liaoxuan/flash_attention_cuda/build/CMakeFiles/flash_attention_libs.dir/compiler_depend.internal".
Dependencies file "CMakeFiles/flash_attention_libs.dir/home/eikan/local_disk/liaoxuan/flash-attention/csrc/flash_attn/src/flash_fwd_split_hdim128_fp16_causal_sm80.cu.o.d" is newer than depends file "/home/eikan/local_disk/liaoxuan/flash_attention_cuda/build/CMakeFiles/flash_attention_libs.dir/compiler_depend.internal".
Dependencies file "CMakeFiles/flash_attention_libs.dir/home/eikan/local_disk/liaoxuan/flash-attention/csrc/flash_attn/src/flash_fwd_split_hdim128_fp16_sm80.cu.o.d" is newer than depends file "/home/eikan/local_disk/liaoxuan/flash_attention_cuda/build/CMakeFiles/flash_attention_libs.dir/compiler_depend.internal".
Dependencies file "CMakeFiles/flash_attention_libs.dir/home/eikan/local_disk/liaoxuan/flash-attention/csrc/flash_attn/src/flash_fwd_split_hdim160_bf16_causal_sm80.cu.o.d" is newer than depends file "/home/eikan/local_disk/liaoxuan/flash_attention_cuda/build/CMakeFiles/flash_attention_libs.dir/compiler_depend.internal".
Dependencies file "CMakeFiles/flash_attention_libs.dir/home/eikan/local_disk/liaoxuan/flash-attention/csrc/flash_attn/src/flash_fwd_split_hdim160_bf16_sm80.cu.o.d" is newer than depends file "/home/eikan/local_disk/liaoxuan/flash_attention_cuda/build/CMakeFiles/flash_attention_libs.dir/compiler_depend.internal".
Dependencies file "CMakeFiles/flash_attention_libs.dir/home/eikan/local_disk/liaoxuan/flash-attention/csrc/flash_attn/src/flash_fwd_split_hdim160_fp16_causal_sm80.cu.o.d" is newer than depends file "/home/eikan/local_disk/liaoxuan/flash_attention_cuda/build/CMakeFiles/flash_attention_libs.dir/compiler_depend.internal".
Dependencies file "CMakeFiles/flash_attention_libs.dir/home/eikan/local_disk/liaoxuan/flash-attention/csrc/flash_attn/src/flash_fwd_split_hdim160_fp16_sm80.cu.o.d" is newer than depends file "/home/eikan/local_disk/liaoxuan/flash_attention_cuda/build/CMakeFiles/flash_attention_libs.dir/compiler_depend.internal".
Dependencies file "CMakeFiles/flash_attention_libs.dir/home/eikan/local_disk/liaoxuan/flash-attention/csrc/flash_attn/src/flash_fwd_split_hdim192_bf16_causal_sm80.cu.o.d" is newer than depends file "/home/eikan/local_disk/liaoxuan/flash_attention_cuda/build/CMakeFiles/flash_attention_libs.dir/compiler_depend.internal".
Dependencies file "CMakeFiles/flash_attention_libs.dir/home/eikan/local_disk/liaoxuan/flash-attention/csrc/flash_attn/src/flash_fwd_split_hdim192_bf16_sm80.cu.o.d" is newer than depends file "/home/eikan/local_disk/liaoxuan/flash_attention_cuda/build/CMakeFiles/flash_attention_libs.dir/compiler_depend.internal".
Dependencies file "CMakeFiles/flash_attention_libs.dir/home/eikan/local_disk/liaoxuan/flash-attention/csrc/flash_attn/src/flash_fwd_split_hdim192_fp16_causal_sm80.cu.o.d" is newer than depends file "/home/eikan/local_disk/liaoxuan/flash_attention_cuda/build/CMakeFiles/flash_attention_libs.dir/compiler_depend.internal".
Dependencies file "CMakeFiles/flash_attention_libs.dir/home/eikan/local_disk/liaoxuan/flash-attention/csrc/flash_attn/src/flash_fwd_split_hdim192_fp16_sm80.cu.o.d" is newer than depends file "/home/eikan/local_disk/liaoxuan/flash_attention_cuda/build/CMakeFiles/flash_attention_libs.dir/compiler_depend.internal".
Dependencies file "CMakeFiles/flash_attention_libs.dir/home/eikan/local_disk/liaoxuan/flash-attention/csrc/flash_attn/src/flash_fwd_split_hdim256_bf16_causal_sm80.cu.o.d" is newer than depends file "/home/eikan/local_disk/liaoxuan/flash_attention_cuda/build/CMakeFiles/flash_attention_libs.dir/compiler_depend.internal".
Dependencies file "CMakeFiles/flash_attention_libs.dir/home/eikan/local_disk/liaoxuan/flash-attention/csrc/flash_attn/src/flash_fwd_split_hdim256_bf16_sm80.cu.o.d" is newer than depends file "/home/eikan/local_disk/liaoxuan/flash_attention_cuda/build/CMakeFiles/flash_attention_libs.dir/compiler_depend.internal".
Dependencies file "CMakeFiles/flash_attention_libs.dir/home/eikan/local_disk/liaoxuan/flash-attention/csrc/flash_attn/src/flash_fwd_split_hdim256_fp16_causal_sm80.cu.o.d" is newer than depends file "/home/eikan/local_disk/liaoxuan/flash_attention_cuda/build/CMakeFiles/flash_attention_libs.dir/compiler_depend.internal".
Dependencies file "CMakeFiles/flash_attention_libs.dir/home/eikan/local_disk/liaoxuan/flash-attention/csrc/flash_attn/src/flash_fwd_split_hdim256_fp16_sm80.cu.o.d" is newer than depends file "/home/eikan/local_disk/liaoxuan/flash_attention_cuda/build/CMakeFiles/flash_attention_libs.dir/compiler_depend.internal".
Dependencies file "CMakeFiles/flash_attention_libs.dir/home/eikan/local_disk/liaoxuan/flash-attention/csrc/flash_attn/src/flash_fwd_split_hdim32_bf16_causal_sm80.cu.o.d" is newer than depends file "/home/eikan/local_disk/liaoxuan/flash_attention_cuda/build/CMakeFiles/flash_attention_libs.dir/compiler_depend.internal".
Dependencies file "CMakeFiles/flash_attention_libs.dir/home/eikan/local_disk/liaoxuan/flash-attention/csrc/flash_attn/src/flash_fwd_split_hdim32_bf16_sm80.cu.o.d" is newer than depends file "/home/eikan/local_disk/liaoxuan/flash_attention_cuda/build/CMakeFiles/flash_attention_libs.dir/compiler_depend.internal".
Dependencies file "CMakeFiles/flash_attention_libs.dir/home/eikan/local_disk/liaoxuan/flash-attention/csrc/flash_attn/src/flash_fwd_split_hdim32_fp16_causal_sm80.cu.o.d" is newer than depends file "/home/eikan/local_disk/liaoxuan/flash_attention_cuda/build/CMakeFiles/flash_attention_libs.dir/compiler_depend.internal".
Dependencies file "CMakeFiles/flash_attention_libs.dir/home/eikan/local_disk/liaoxuan/flash-attention/csrc/flash_attn/src/flash_fwd_split_hdim32_fp16_sm80.cu.o.d" is newer than depends file "/home/eikan/local_disk/liaoxuan/flash_attention_cuda/build/CMakeFiles/flash_attention_libs.dir/compiler_depend.internal".
Dependencies file "CMakeFiles/flash_attention_libs.dir/home/eikan/local_disk/liaoxuan/flash-attention/csrc/flash_attn/src/flash_fwd_split_hdim64_bf16_causal_sm80.cu.o.d" is newer than depends file "/home/eikan/local_disk/liaoxuan/flash_attention_cuda/build/CMakeFiles/flash_attention_libs.dir/compiler_depend.internal".
Dependencies file "CMakeFiles/flash_attention_libs.dir/home/eikan/local_disk/liaoxuan/flash-attention/csrc/flash_attn/src/flash_fwd_split_hdim64_bf16_sm80.cu.o.d" is newer than depends file "/home/eikan/local_disk/liaoxuan/flash_attention_cuda/build/CMakeFiles/flash_attention_libs.dir/compiler_depend.internal".
Dependencies file "CMakeFiles/flash_attention_libs.dir/home/eikan/local_disk/liaoxuan/flash-attention/csrc/flash_attn/src/flash_fwd_split_hdim64_fp16_causal_sm80.cu.o.d" is newer than depends file "/home/eikan/local_disk/liaoxuan/flash_attention_cuda/build/CMakeFiles/flash_attention_libs.dir/compiler_depend.internal".
Dependencies file "CMakeFiles/flash_attention_libs.dir/home/eikan/local_disk/liaoxuan/flash-attention/csrc/flash_attn/src/flash_fwd_split_hdim64_fp16_sm80.cu.o.d" is newer than depends file "/home/eikan/local_disk/liaoxuan/flash_attention_cuda/build/CMakeFiles/flash_attention_libs.dir/compiler_depend.internal".
Dependencies file "CMakeFiles/flash_attention_libs.dir/home/eikan/local_disk/liaoxuan/flash-attention/csrc/flash_attn/src/flash_fwd_split_hdim96_bf16_causal_sm80.cu.o.d" is newer than depends file "/home/eikan/local_disk/liaoxuan/flash_attention_cuda/build/CMakeFiles/flash_attention_libs.dir/compiler_depend.internal".
Dependencies file "CMakeFiles/flash_attention_libs.dir/home/eikan/local_disk/liaoxuan/flash-attention/csrc/flash_attn/src/flash_fwd_split_hdim96_bf16_sm80.cu.o.d" is newer than depends file "/home/eikan/local_disk/liaoxuan/flash_attention_cuda/build/CMakeFiles/flash_attention_libs.dir/compiler_depend.internal".
Dependencies file "CMakeFiles/flash_attention_libs.dir/home/eikan/local_disk/liaoxuan/flash-attention/csrc/flash_attn/src/flash_fwd_split_hdim96_fp16_causal_sm80.cu.o.d" is newer than depends file "/home/eikan/local_disk/liaoxuan/flash_attention_cuda/build/CMakeFiles/flash_attention_libs.dir/compiler_depend.internal".
Dependencies file "CMakeFiles/flash_attention_libs.dir/home/eikan/local_disk/liaoxuan/flash-attention/csrc/flash_attn/src/flash_fwd_split_hdim96_fp16_sm80.cu.o.d" is newer than depends file "/home/eikan/local_disk/liaoxuan/flash_attention_cuda/build/CMakeFiles/flash_attention_libs.dir/compiler_depend.internal".
Dependencies file "CMakeFiles/flash_attention_libs.dir/home/eikan/local_disk/liaoxuan/flash-attention/csrc/flash_attn/flash_api.cpp.o.d" is newer than depends file "/home/eikan/local_disk/liaoxuan/flash_attention_cuda/build/CMakeFiles/flash_attention_libs.dir/compiler_depend.internal".
Consolidate compiler generated dependencies of target flash_attention_libs
make[2]: Leaving directory '/home/eikan/local_disk/liaoxuan/flash_attention_cuda/build'
make  -f CMakeFiles/flash_attention_libs.dir/build.make CMakeFiles/flash_attention_libs.dir/build
make[2]: Entering directory '/home/eikan/local_disk/liaoxuan/flash_attention_cuda/build'
[  1%] Building CUDA object CMakeFiles/flash_attention_libs.dir/home/eikan/local_disk/liaoxuan/flash-attention/csrc/flash_attn/src/flash_bwd_hdim192_fp16_causal_sm80.cu.o
/usr/local/cuda/bin/nvcc -forward-unknown-to-host-compiler -DUSE_C10D_GLOO -DUSE_C10D_NCCL -DUSE_DISTRIBUTED -DUSE_RPC -DUSE_TENSORPIPE -Dflash_attention_libs_EXPORTS --options-file CMakeFiles/flash_attention_libs.dir/includes_CUDA.rsp -gencode arch=compute_80,code=sm_80 -O3 -std=c++17 -U__CUDA_NO_HALF_OPERATORS__ -U__CUDA_NO_HALF_CONVERSIONS__ -U__CUDA_NO_HALF2_OPERATORS__ -U__CUDA_NO_BFLOAT16_CONVERSIONS__ --expt-relaxed-constexpr --expt-extended-lambda --use_fast_math -std=c++17 -Xcompiler=-fPIC -D_GLIBCXX_USE_CXX11_ABI=1 -MD -MT CMakeFiles/flash_attention_libs.dir/home/eikan/local_disk/liaoxuan/flash-attention/csrc/flash_attn/src/flash_bwd_hdim192_fp16_causal_sm80.cu.o -MF CMakeFiles/flash_attention_libs.dir/home/eikan/local_disk/liaoxuan/flash-attention/csrc/flash_attn/src/flash_bwd_hdim192_fp16_causal_sm80.cu.o.d -x cu -c /home/eikan/local_disk/liaoxuan/flash-attention/csrc/flash_attn/src/flash_bwd_hdim192_fp16_causal_sm80.cu -o CMakeFiles/flash_attention_libs.dir/home/eikan/local_disk/liaoxuan/flash-attention/csrc/flash_attn/src/flash_bwd_hdim192_fp16_causal_sm80.cu.o
[  2%] Building CUDA object CMakeFiles/flash_attention_libs.dir/home/eikan/local_disk/liaoxuan/flash-attention/csrc/flash_attn/src/flash_bwd_hdim192_bf16_causal_sm80.cu.o
/usr/local/cuda/bin/nvcc -forward-unknown-to-host-compiler -DUSE_C10D_GLOO -DUSE_C10D_NCCL -DUSE_DISTRIBUTED -DUSE_RPC -DUSE_TENSORPIPE -Dflash_attention_libs_EXPORTS --options-file CMakeFiles/flash_attention_libs.dir/includes_CUDA.rsp -gencode arch=compute_80,code=sm_80 -O3 -std=c++17 -U__CUDA_NO_HALF_OPERATORS__ -U__CUDA_NO_HALF_CONVERSIONS__ -U__CUDA_NO_HALF2_OPERATORS__ -U__CUDA_NO_BFLOAT16_CONVERSIONS__ --expt-relaxed-constexpr --expt-extended-lambda --use_fast_math -std=c++17 -Xcompiler=-fPIC -D_GLIBCXX_USE_CXX11_ABI=1 -MD -MT CMakeFiles/flash_attention_libs.dir/home/eikan/local_disk/liaoxuan/flash-attention/csrc/flash_attn/src/flash_bwd_hdim192_bf16_causal_sm80.cu.o -MF CMakeFiles/flash_attention_libs.dir/home/eikan/local_disk/liaoxuan/flash-attention/csrc/flash_attn/src/flash_bwd_hdim192_bf16_causal_sm80.cu.o.d -x cu -c /home/eikan/local_disk/liaoxuan/flash-attention/csrc/flash_attn/src/flash_bwd_hdim192_bf16_causal_sm80.cu -o CMakeFiles/flash_attention_libs.dir/home/eikan/local_disk/liaoxuan/flash-attention/csrc/flash_attn/src/flash_bwd_hdim192_bf16_causal_sm80.cu.o
[  3%] Building CUDA object CMakeFiles/flash_attention_libs.dir/home/eikan/local_disk/liaoxuan/flash-attention/csrc/flash_attn/src/flash_bwd_hdim256_fp16_causal_sm80.cu.o
/usr/local/cuda/bin/nvcc -forward-unknown-to-host-compiler -DUSE_C10D_GLOO -DUSE_C10D_NCCL -DUSE_DISTRIBUTED -DUSE_RPC -DUSE_TENSORPIPE -Dflash_attention_libs_EXPORTS --options-file CMakeFiles/flash_attention_libs.dir/includes_CUDA.rsp -gencode arch=compute_80,code=sm_80 -O3 -std=c++17 -U__CUDA_NO_HALF_OPERATORS__ -U__CUDA_NO_HALF_CONVERSIONS__ -U__CUDA_NO_HALF2_OPERATORS__ -U__CUDA_NO_BFLOAT16_CONVERSIONS__ --expt-relaxed-constexpr --expt-extended-lambda --use_fast_math -std=c++17 -Xcompiler=-fPIC -D_GLIBCXX_USE_CXX11_ABI=1 -MD -MT CMakeFiles/flash_attention_libs.dir/home/eikan/local_disk/liaoxuan/flash-attention/csrc/flash_attn/src/flash_bwd_hdim256_fp16_causal_sm80.cu.o -MF CMakeFiles/flash_attention_libs.dir/home/eikan/local_disk/liaoxuan/flash-attention/csrc/flash_attn/src/flash_bwd_hdim256_fp16_causal_sm80.cu.o.d -x cu -c /home/eikan/local_disk/liaoxuan/flash-attention/csrc/flash_attn/src/flash_bwd_hdim256_fp16_causal_sm80.cu -o CMakeFiles/flash_attention_libs.dir/home/eikan/local_disk/liaoxuan/flash-attention/csrc/flash_attn/src/flash_bwd_hdim256_fp16_causal_sm80.cu.o
[  4%] Building CUDA object CMakeFiles/flash_attention_libs.dir/home/eikan/local_disk/liaoxuan/flash-attention/csrc/flash_attn/src/flash_bwd_hdim256_bf16_causal_sm80.cu.o
/usr/local/cuda/bin/nvcc -forward-unknown-to-host-compiler -DUSE_C10D_GLOO -DUSE_C10D_NCCL -DUSE_DISTRIBUTED -DUSE_RPC -DUSE_TENSORPIPE -Dflash_attention_libs_EXPORTS --options-file CMakeFiles/flash_attention_libs.dir/includes_CUDA.rsp -gencode arch=compute_80,code=sm_80 -O3 -std=c++17 -U__CUDA_NO_HALF_OPERATORS__ -U__CUDA_NO_HALF_CONVERSIONS__ -U__CUDA_NO_HALF2_OPERATORS__ -U__CUDA_NO_BFLOAT16_CONVERSIONS__ --expt-relaxed-constexpr --expt-extended-lambda --use_fast_math -std=c++17 -Xcompiler=-fPIC -D_GLIBCXX_USE_CXX11_ABI=1 -MD -MT CMakeFiles/flash_attention_libs.dir/home/eikan/local_disk/liaoxuan/flash-attention/csrc/flash_attn/src/flash_bwd_hdim256_bf16_causal_sm80.cu.o -MF CMakeFiles/flash_attention_libs.dir/home/eikan/local_disk/liaoxuan/flash-attention/csrc/flash_attn/src/flash_bwd_hdim256_bf16_causal_sm80.cu.o.d -x cu -c /home/eikan/local_disk/liaoxuan/flash-attention/csrc/flash_attn/src/flash_bwd_hdim256_bf16_causal_sm80.cu -o CMakeFiles/flash_attention_libs.dir/home/eikan/local_disk/liaoxuan/flash-attention/csrc/flash_attn/src/flash_bwd_hdim256_bf16_causal_sm80.cu.o
[  5%] Building CUDA object CMakeFiles/flash_attention_libs.dir/home/eikan/local_disk/liaoxuan/flash-attention/csrc/flash_attn/src/flash_fwd_split_hdim32_fp16_sm80.cu.o
/usr/local/cuda/bin/nvcc -forward-unknown-to-host-compiler -DUSE_C10D_GLOO -DUSE_C10D_NCCL -DUSE_DISTRIBUTED -DUSE_RPC -DUSE_TENSORPIPE -Dflash_attention_libs_EXPORTS --options-file CMakeFiles/flash_attention_libs.dir/includes_CUDA.rsp -gencode arch=compute_80,code=sm_80 -O3 -std=c++17 -U__CUDA_NO_HALF_OPERATORS__ -U__CUDA_NO_HALF_CONVERSIONS__ -U__CUDA_NO_HALF2_OPERATORS__ -U__CUDA_NO_BFLOAT16_CONVERSIONS__ --expt-relaxed-constexpr --expt-extended-lambda --use_fast_math -std=c++17 -Xcompiler=-fPIC -D_GLIBCXX_USE_CXX11_ABI=1 -MD -MT CMakeFiles/flash_attention_libs.dir/home/eikan/local_disk/liaoxuan/flash-attention/csrc/flash_attn/src/flash_fwd_split_hdim32_fp16_sm80.cu.o -MF CMakeFiles/flash_attention_libs.dir/home/eikan/local_disk/liaoxuan/flash-attention/csrc/flash_attn/src/flash_fwd_split_hdim32_fp16_sm80.cu.o.d -x cu -c /home/eikan/local_disk/liaoxuan/flash-attention/csrc/flash_attn/src/flash_fwd_split_hdim32_fp16_sm80.cu -o CMakeFiles/flash_attention_libs.dir/home/eikan/local_disk/liaoxuan/flash-attention/csrc/flash_attn/src/flash_fwd_split_hdim32_fp16_sm80.cu.o
[  6%] Building CUDA object CMakeFiles/flash_attention_libs.dir/home/eikan/local_disk/liaoxuan/flash-attention/csrc/flash_attn/src/flash_fwd_split_hdim32_bf16_sm80.cu.o
/usr/local/cuda/bin/nvcc -forward-unknown-to-host-compiler -DUSE_C10D_GLOO -DUSE_C10D_NCCL -DUSE_DISTRIBUTED -DUSE_RPC -DUSE_TENSORPIPE -Dflash_attention_libs_EXPORTS --options-file CMakeFiles/flash_attention_libs.dir/includes_CUDA.rsp -gencode arch=compute_80,code=sm_80 -O3 -std=c++17 -U__CUDA_NO_HALF_OPERATORS__ -U__CUDA_NO_HALF_CONVERSIONS__ -U__CUDA_NO_HALF2_OPERATORS__ -U__CUDA_NO_BFLOAT16_CONVERSIONS__ --expt-relaxed-constexpr --expt-extended-lambda --use_fast_math -std=c++17 -Xcompiler=-fPIC -D_GLIBCXX_USE_CXX11_ABI=1 -MD -MT CMakeFiles/flash_attention_libs.dir/home/eikan/local_disk/liaoxuan/flash-attention/csrc/flash_attn/src/flash_fwd_split_hdim32_bf16_sm80.cu.o -MF CMakeFiles/flash_attention_libs.dir/home/eikan/local_disk/liaoxuan/flash-attention/csrc/flash_attn/src/flash_fwd_split_hdim32_bf16_sm80.cu.o.d -x cu -c /home/eikan/local_disk/liaoxuan/flash-attention/csrc/flash_attn/src/flash_fwd_split_hdim32_bf16_sm80.cu -o CMakeFiles/flash_attention_libs.dir/home/eikan/local_disk/liaoxuan/flash-attention/csrc/flash_attn/src/flash_fwd_split_hdim32_bf16_sm80.cu.o
[  7%] Building CUDA object CMakeFiles/flash_attention_libs.dir/home/eikan/local_disk/liaoxuan/flash-attention/csrc/flash_attn/src/flash_fwd_split_hdim64_fp16_sm80.cu.o
/usr/local/cuda/bin/nvcc -forward-unknown-to-host-compiler -DUSE_C10D_GLOO -DUSE_C10D_NCCL -DUSE_DISTRIBUTED -DUSE_RPC -DUSE_TENSORPIPE -Dflash_attention_libs_EXPORTS --options-file CMakeFiles/flash_attention_libs.dir/includes_CUDA.rsp -gencode arch=compute_80,code=sm_80 -O3 -std=c++17 -U__CUDA_NO_HALF_OPERATORS__ -U__CUDA_NO_HALF_CONVERSIONS__ -U__CUDA_NO_HALF2_OPERATORS__ -U__CUDA_NO_BFLOAT16_CONVERSIONS__ --expt-relaxed-constexpr --expt-extended-lambda --use_fast_math -std=c++17 -Xcompiler=-fPIC -D_GLIBCXX_USE_CXX11_ABI=1 -MD -MT CMakeFiles/flash_attention_libs.dir/home/eikan/local_disk/liaoxuan/flash-attention/csrc/flash_attn/src/flash_fwd_split_hdim64_fp16_sm80.cu.o -MF CMakeFiles/flash_attention_libs.dir/home/eikan/local_disk/liaoxuan/flash-attention/csrc/flash_attn/src/flash_fwd_split_hdim64_fp16_sm80.cu.o.d -x cu -c /home/eikan/local_disk/liaoxuan/flash-attention/csrc/flash_attn/src/flash_fwd_split_hdim64_fp16_sm80.cu -o CMakeFiles/flash_attention_libs.dir/home/eikan/local_disk/liaoxuan/flash-attention/csrc/flash_attn/src/flash_fwd_split_hdim64_fp16_sm80.cu.o
[  9%] Building CUDA object CMakeFiles/flash_attention_libs.dir/home/eikan/local_disk/liaoxuan/flash-attention/csrc/flash_attn/src/flash_fwd_split_hdim64_bf16_sm80.cu.o
/usr/local/cuda/bin/nvcc -forward-unknown-to-host-compiler -DUSE_C10D_GLOO -DUSE_C10D_NCCL -DUSE_DISTRIBUTED -DUSE_RPC -DUSE_TENSORPIPE -Dflash_attention_libs_EXPORTS --options-file CMakeFiles/flash_attention_libs.dir/includes_CUDA.rsp -gencode arch=compute_80,code=sm_80 -O3 -std=c++17 -U__CUDA_NO_HALF_OPERATORS__ -U__CUDA_NO_HALF_CONVERSIONS__ -U__CUDA_NO_HALF2_OPERATORS__ -U__CUDA_NO_BFLOAT16_CONVERSIONS__ --expt-relaxed-constexpr --expt-extended-lambda --use_fast_math -std=c++17 -Xcompiler=-fPIC -D_GLIBCXX_USE_CXX11_ABI=1 -MD -MT CMakeFiles/flash_attention_libs.dir/home/eikan/local_disk/liaoxuan/flash-attention/csrc/flash_attn/src/flash_fwd_split_hdim64_bf16_sm80.cu.o -MF CMakeFiles/flash_attention_libs.dir/home/eikan/local_disk/liaoxuan/flash-attention/csrc/flash_attn/src/flash_fwd_split_hdim64_bf16_sm80.cu.o.d -x cu -c /home/eikan/local_disk/liaoxuan/flash-attention/csrc/flash_attn/src/flash_fwd_split_hdim64_bf16_sm80.cu -o CMakeFiles/flash_attention_libs.dir/home/eikan/local_disk/liaoxuan/flash-attention/csrc/flash_attn/src/flash_fwd_split_hdim64_bf16_sm80.cu.o
[ 10%] Building CUDA object CMakeFiles/flash_attention_libs.dir/home/eikan/local_disk/liaoxuan/flash-attention/csrc/flash_attn/src/flash_fwd_split_hdim96_fp16_sm80.cu.o
/usr/local/cuda/bin/nvcc -forward-unknown-to-host-compiler -DUSE_C10D_GLOO -DUSE_C10D_NCCL -DUSE_DISTRIBUTED -DUSE_RPC -DUSE_TENSORPIPE -Dflash_attention_libs_EXPORTS --options-file CMakeFiles/flash_attention_libs.dir/includes_CUDA.rsp -gencode arch=compute_80,code=sm_80 -O3 -std=c++17 -U__CUDA_NO_HALF_OPERATORS__ -U__CUDA_NO_HALF_CONVERSIONS__ -U__CUDA_NO_HALF2_OPERATORS__ -U__CUDA_NO_BFLOAT16_CONVERSIONS__ --expt-relaxed-constexpr --expt-extended-lambda --use_fast_math -std=c++17 -Xcompiler=-fPIC -D_GLIBCXX_USE_CXX11_ABI=1 -MD -MT CMakeFiles/flash_attention_libs.dir/home/eikan/local_disk/liaoxuan/flash-attention/csrc/flash_attn/src/flash_fwd_split_hdim96_fp16_sm80.cu.o -MF CMakeFiles/flash_attention_libs.dir/home/eikan/local_disk/liaoxuan/flash-attention/csrc/flash_attn/src/flash_fwd_split_hdim96_fp16_sm80.cu.o.d -x cu -c /home/eikan/local_disk/liaoxuan/flash-attention/csrc/flash_attn/src/flash_fwd_split_hdim96_fp16_sm80.cu -o CMakeFiles/flash_attention_libs.dir/home/eikan/local_disk/liaoxuan/flash-attention/csrc/flash_attn/src/flash_fwd_split_hdim96_fp16_sm80.cu.o
[ 11%] Building CUDA object CMakeFiles/flash_attention_libs.dir/home/eikan/local_disk/liaoxuan/flash-attention/csrc/flash_attn/src/flash_fwd_split_hdim96_bf16_sm80.cu.o
/usr/local/cuda/bin/nvcc -forward-unknown-to-host-compiler -DUSE_C10D_GLOO -DUSE_C10D_NCCL -DUSE_DISTRIBUTED -DUSE_RPC -DUSE_TENSORPIPE -Dflash_attention_libs_EXPORTS --options-file CMakeFiles/flash_attention_libs.dir/includes_CUDA.rsp -gencode arch=compute_80,code=sm_80 -O3 -std=c++17 -U__CUDA_NO_HALF_OPERATORS__ -U__CUDA_NO_HALF_CONVERSIONS__ -U__CUDA_NO_HALF2_OPERATORS__ -U__CUDA_NO_BFLOAT16_CONVERSIONS__ --expt-relaxed-constexpr --expt-extended-lambda --use_fast_math -std=c++17 -Xcompiler=-fPIC -D_GLIBCXX_USE_CXX11_ABI=1 -MD -MT CMakeFiles/flash_attention_libs.dir/home/eikan/local_disk/liaoxuan/flash-attention/csrc/flash_attn/src/flash_fwd_split_hdim96_bf16_sm80.cu.o -MF CMakeFiles/flash_attention_libs.dir/home/eikan/local_disk/liaoxuan/flash-attention/csrc/flash_attn/src/flash_fwd_split_hdim96_bf16_sm80.cu.o.d -x cu -c /home/eikan/local_disk/liaoxuan/flash-attention/csrc/flash_attn/src/flash_fwd_split_hdim96_bf16_sm80.cu -o CMakeFiles/flash_attention_libs.dir/home/eikan/local_disk/liaoxuan/flash-attention/csrc/flash_attn/src/flash_fwd_split_hdim96_bf16_sm80.cu.o
[ 12%] Building CUDA object CMakeFiles/flash_attention_libs.dir/home/eikan/local_disk/liaoxuan/flash-attention/csrc/flash_attn/src/flash_fwd_split_hdim128_fp16_sm80.cu.o
/usr/local/cuda/bin/nvcc -forward-unknown-to-host-compiler -DUSE_C10D_GLOO -DUSE_C10D_NCCL -DUSE_DISTRIBUTED -DUSE_RPC -DUSE_TENSORPIPE -Dflash_attention_libs_EXPORTS --options-file CMakeFiles/flash_attention_libs.dir/includes_CUDA.rsp -gencode arch=compute_80,code=sm_80 -O3 -std=c++17 -U__CUDA_NO_HALF_OPERATORS__ -U__CUDA_NO_HALF_CONVERSIONS__ -U__CUDA_NO_HALF2_OPERATORS__ -U__CUDA_NO_BFLOAT16_CONVERSIONS__ --expt-relaxed-constexpr --expt-extended-lambda --use_fast_math -std=c++17 -Xcompiler=-fPIC -D_GLIBCXX_USE_CXX11_ABI=1 -MD -MT CMakeFiles/flash_attention_libs.dir/home/eikan/local_disk/liaoxuan/flash-attention/csrc/flash_attn/src/flash_fwd_split_hdim128_fp16_sm80.cu.o -MF CMakeFiles/flash_attention_libs.dir/home/eikan/local_disk/liaoxuan/flash-attention/csrc/flash_attn/src/flash_fwd_split_hdim128_fp16_sm80.cu.o.d -x cu -c /home/eikan/local_disk/liaoxuan/flash-attention/csrc/flash_attn/src/flash_fwd_split_hdim128_fp16_sm80.cu -o CMakeFiles/flash_attention_libs.dir/home/eikan/local_disk/liaoxuan/flash-attention/csrc/flash_attn/src/flash_fwd_split_hdim128_fp16_sm80.cu.o
[ 13%] Building CUDA object CMakeFiles/flash_attention_libs.dir/home/eikan/local_disk/liaoxuan/flash-attention/csrc/flash_attn/src/flash_fwd_split_hdim128_bf16_sm80.cu.o
/usr/local/cuda/bin/nvcc -forward-unknown-to-host-compiler -DUSE_C10D_GLOO -DUSE_C10D_NCCL -DUSE_DISTRIBUTED -DUSE_RPC -DUSE_TENSORPIPE -Dflash_attention_libs_EXPORTS --options-file CMakeFiles/flash_attention_libs.dir/includes_CUDA.rsp -gencode arch=compute_80,code=sm_80 -O3 -std=c++17 -U__CUDA_NO_HALF_OPERATORS__ -U__CUDA_NO_HALF_CONVERSIONS__ -U__CUDA_NO_HALF2_OPERATORS__ -U__CUDA_NO_BFLOAT16_CONVERSIONS__ --expt-relaxed-constexpr --expt-extended-lambda --use_fast_math -std=c++17 -Xcompiler=-fPIC -D_GLIBCXX_USE_CXX11_ABI=1 -MD -MT CMakeFiles/flash_attention_libs.dir/home/eikan/local_disk/liaoxuan/flash-attention/csrc/flash_attn/src/flash_fwd_split_hdim128_bf16_sm80.cu.o -MF CMakeFiles/flash_attention_libs.dir/home/eikan/local_disk/liaoxuan/flash-attention/csrc/flash_attn/src/flash_fwd_split_hdim128_bf16_sm80.cu.o.d -x cu -c /home/eikan/local_disk/liaoxuan/flash-attention/csrc/flash_attn/src/flash_fwd_split_hdim128_bf16_sm80.cu -o CMakeFiles/flash_attention_libs.dir/home/eikan/local_disk/liaoxuan/flash-attention/csrc/flash_attn/src/flash_fwd_split_hdim128_bf16_sm80.cu.o
[ 14%] Building CUDA object CMakeFiles/flash_attention_libs.dir/home/eikan/local_disk/liaoxuan/flash-attention/csrc/flash_attn/src/flash_fwd_split_hdim160_fp16_sm80.cu.o
/usr/local/cuda/bin/nvcc -forward-unknown-to-host-compiler -DUSE_C10D_GLOO -DUSE_C10D_NCCL -DUSE_DISTRIBUTED -DUSE_RPC -DUSE_TENSORPIPE -Dflash_attention_libs_EXPORTS --options-file CMakeFiles/flash_attention_libs.dir/includes_CUDA.rsp -gencode arch=compute_80,code=sm_80 -O3 -std=c++17 -U__CUDA_NO_HALF_OPERATORS__ -U__CUDA_NO_HALF_CONVERSIONS__ -U__CUDA_NO_HALF2_OPERATORS__ -U__CUDA_NO_BFLOAT16_CONVERSIONS__ --expt-relaxed-constexpr --expt-extended-lambda --use_fast_math -std=c++17 -Xcompiler=-fPIC -D_GLIBCXX_USE_CXX11_ABI=1 -MD -MT CMakeFiles/flash_attention_libs.dir/home/eikan/local_disk/liaoxuan/flash-attention/csrc/flash_attn/src/flash_fwd_split_hdim160_fp16_sm80.cu.o -MF CMakeFiles/flash_attention_libs.dir/home/eikan/local_disk/liaoxuan/flash-attention/csrc/flash_attn/src/flash_fwd_split_hdim160_fp16_sm80.cu.o.d -x cu -c /home/eikan/local_disk/liaoxuan/flash-attention/csrc/flash_attn/src/flash_fwd_split_hdim160_fp16_sm80.cu -o CMakeFiles/flash_attention_libs.dir/home/eikan/local_disk/liaoxuan/flash-attention/csrc/flash_attn/src/flash_fwd_split_hdim160_fp16_sm80.cu.o
[ 15%] Building CUDA object CMakeFiles/flash_attention_libs.dir/home/eikan/local_disk/liaoxuan/flash-attention/csrc/flash_attn/src/flash_fwd_split_hdim160_bf16_sm80.cu.o
/usr/local/cuda/bin/nvcc -forward-unknown-to-host-compiler -DUSE_C10D_GLOO -DUSE_C10D_NCCL -DUSE_DISTRIBUTED -DUSE_RPC -DUSE_TENSORPIPE -Dflash_attention_libs_EXPORTS --options-file CMakeFiles/flash_attention_libs.dir/includes_CUDA.rsp -gencode arch=compute_80,code=sm_80 -O3 -std=c++17 -U__CUDA_NO_HALF_OPERATORS__ -U__CUDA_NO_HALF_CONVERSIONS__ -U__CUDA_NO_HALF2_OPERATORS__ -U__CUDA_NO_BFLOAT16_CONVERSIONS__ --expt-relaxed-constexpr --expt-extended-lambda --use_fast_math -std=c++17 -Xcompiler=-fPIC -D_GLIBCXX_USE_CXX11_ABI=1 -MD -MT CMakeFiles/flash_attention_libs.dir/home/eikan/local_disk/liaoxuan/flash-attention/csrc/flash_attn/src/flash_fwd_split_hdim160_bf16_sm80.cu.o -MF CMakeFiles/flash_attention_libs.dir/home/eikan/local_disk/liaoxuan/flash-attention/csrc/flash_attn/src/flash_fwd_split_hdim160_bf16_sm80.cu.o.d -x cu -c /home/eikan/local_disk/liaoxuan/flash-attention/csrc/flash_attn/src/flash_fwd_split_hdim160_bf16_sm80.cu -o CMakeFiles/flash_attention_libs.dir/home/eikan/local_disk/liaoxuan/flash-attention/csrc/flash_attn/src/flash_fwd_split_hdim160_bf16_sm80.cu.o
[ 17%] Building CUDA object CMakeFiles/flash_attention_libs.dir/home/eikan/local_disk/liaoxuan/flash-attention/csrc/flash_attn/src/flash_fwd_split_hdim192_fp16_sm80.cu.o
/usr/local/cuda/bin/nvcc -forward-unknown-to-host-compiler -DUSE_C10D_GLOO -DUSE_C10D_NCCL -DUSE_DISTRIBUTED -DUSE_RPC -DUSE_TENSORPIPE -Dflash_attention_libs_EXPORTS --options-file CMakeFiles/flash_attention_libs.dir/includes_CUDA.rsp -gencode arch=compute_80,code=sm_80 -O3 -std=c++17 -U__CUDA_NO_HALF_OPERATORS__ -U__CUDA_NO_HALF_CONVERSIONS__ -U__CUDA_NO_HALF2_OPERATORS__ -U__CUDA_NO_BFLOAT16_CONVERSIONS__ --expt-relaxed-constexpr --expt-extended-lambda --use_fast_math -std=c++17 -Xcompiler=-fPIC -D_GLIBCXX_USE_CXX11_ABI=1 -MD -MT CMakeFiles/flash_attention_libs.dir/home/eikan/local_disk/liaoxuan/flash-attention/csrc/flash_attn/src/flash_fwd_split_hdim192_fp16_sm80.cu.o -MF CMakeFiles/flash_attention_libs.dir/home/eikan/local_disk/liaoxuan/flash-attention/csrc/flash_attn/src/flash_fwd_split_hdim192_fp16_sm80.cu.o.d -x cu -c /home/eikan/local_disk/liaoxuan/flash-attention/csrc/flash_attn/src/flash_fwd_split_hdim192_fp16_sm80.cu -o CMakeFiles/flash_attention_libs.dir/home/eikan/local_disk/liaoxuan/flash-attention/csrc/flash_attn/src/flash_fwd_split_hdim192_fp16_sm80.cu.o
[ 18%] Building CUDA object CMakeFiles/flash_attention_libs.dir/home/eikan/local_disk/liaoxuan/flash-attention/csrc/flash_attn/src/flash_fwd_split_hdim192_bf16_sm80.cu.o
/usr/local/cuda/bin/nvcc -forward-unknown-to-host-compiler -DUSE_C10D_GLOO -DUSE_C10D_NCCL -DUSE_DISTRIBUTED -DUSE_RPC -DUSE_TENSORPIPE -Dflash_attention_libs_EXPORTS --options-file CMakeFiles/flash_attention_libs.dir/includes_CUDA.rsp -gencode arch=compute_80,code=sm_80 -O3 -std=c++17 -U__CUDA_NO_HALF_OPERATORS__ -U__CUDA_NO_HALF_CONVERSIONS__ -U__CUDA_NO_HALF2_OPERATORS__ -U__CUDA_NO_BFLOAT16_CONVERSIONS__ --expt-relaxed-constexpr --expt-extended-lambda --use_fast_math -std=c++17 -Xcompiler=-fPIC -D_GLIBCXX_USE_CXX11_ABI=1 -MD -MT CMakeFiles/flash_attention_libs.dir/home/eikan/local_disk/liaoxuan/flash-attention/csrc/flash_attn/src/flash_fwd_split_hdim192_bf16_sm80.cu.o -MF CMakeFiles/flash_attention_libs.dir/home/eikan/local_disk/liaoxuan/flash-attention/csrc/flash_attn/src/flash_fwd_split_hdim192_bf16_sm80.cu.o.d -x cu -c /home/eikan/local_disk/liaoxuan/flash-attention/csrc/flash_attn/src/flash_fwd_split_hdim192_bf16_sm80.cu -o CMakeFiles/flash_attention_libs.dir/home/eikan/local_disk/liaoxuan/flash-attention/csrc/flash_attn/src/flash_fwd_split_hdim192_bf16_sm80.cu.o
[ 19%] Building CUDA object CMakeFiles/flash_attention_libs.dir/home/eikan/local_disk/liaoxuan/flash-attention/csrc/flash_attn/src/flash_fwd_split_hdim256_fp16_sm80.cu.o
/usr/local/cuda/bin/nvcc -forward-unknown-to-host-compiler -DUSE_C10D_GLOO -DUSE_C10D_NCCL -DUSE_DISTRIBUTED -DUSE_RPC -DUSE_TENSORPIPE -Dflash_attention_libs_EXPORTS --options-file CMakeFiles/flash_attention_libs.dir/includes_CUDA.rsp -gencode arch=compute_80,code=sm_80 -O3 -std=c++17 -U__CUDA_NO_HALF_OPERATORS__ -U__CUDA_NO_HALF_CONVERSIONS__ -U__CUDA_NO_HALF2_OPERATORS__ -U__CUDA_NO_BFLOAT16_CONVERSIONS__ --expt-relaxed-constexpr --expt-extended-lambda --use_fast_math -std=c++17 -Xcompiler=-fPIC -D_GLIBCXX_USE_CXX11_ABI=1 -MD -MT CMakeFiles/flash_attention_libs.dir/home/eikan/local_disk/liaoxuan/flash-attention/csrc/flash_attn/src/flash_fwd_split_hdim256_fp16_sm80.cu.o -MF CMakeFiles/flash_attention_libs.dir/home/eikan/local_disk/liaoxuan/flash-attention/csrc/flash_attn/src/flash_fwd_split_hdim256_fp16_sm80.cu.o.d -x cu -c /home/eikan/local_disk/liaoxuan/flash-attention/csrc/flash_attn/src/flash_fwd_split_hdim256_fp16_sm80.cu -o CMakeFiles/flash_attention_libs.dir/home/eikan/local_disk/liaoxuan/flash-attention/csrc/flash_attn/src/flash_fwd_split_hdim256_fp16_sm80.cu.o
[ 20%] Building CUDA object CMakeFiles/flash_attention_libs.dir/home/eikan/local_disk/liaoxuan/flash-attention/csrc/flash_attn/src/flash_fwd_split_hdim256_bf16_sm80.cu.o
/usr/local/cuda/bin/nvcc -forward-unknown-to-host-compiler -DUSE_C10D_GLOO -DUSE_C10D_NCCL -DUSE_DISTRIBUTED -DUSE_RPC -DUSE_TENSORPIPE -Dflash_attention_libs_EXPORTS --options-file CMakeFiles/flash_attention_libs.dir/includes_CUDA.rsp -gencode arch=compute_80,code=sm_80 -O3 -std=c++17 -U__CUDA_NO_HALF_OPERATORS__ -U__CUDA_NO_HALF_CONVERSIONS__ -U__CUDA_NO_HALF2_OPERATORS__ -U__CUDA_NO_BFLOAT16_CONVERSIONS__ --expt-relaxed-constexpr --expt-extended-lambda --use_fast_math -std=c++17 -Xcompiler=-fPIC -D_GLIBCXX_USE_CXX11_ABI=1 -MD -MT CMakeFiles/flash_attention_libs.dir/home/eikan/local_disk/liaoxuan/flash-attention/csrc/flash_attn/src/flash_fwd_split_hdim256_bf16_sm80.cu.o -MF CMakeFiles/flash_attention_libs.dir/home/eikan/local_disk/liaoxuan/flash-attention/csrc/flash_attn/src/flash_fwd_split_hdim256_bf16_sm80.cu.o.d -x cu -c /home/eikan/local_disk/liaoxuan/flash-attention/csrc/flash_attn/src/flash_fwd_split_hdim256_bf16_sm80.cu -o CMakeFiles/flash_attention_libs.dir/home/eikan/local_disk/liaoxuan/flash-attention/csrc/flash_attn/src/flash_fwd_split_hdim256_bf16_sm80.cu.o
[ 21%] Building CUDA object CMakeFiles/flash_attention_libs.dir/home/eikan/local_disk/liaoxuan/flash-attention/csrc/flash_attn/src/flash_fwd_split_hdim32_fp16_causal_sm80.cu.o
/usr/local/cuda/bin/nvcc -forward-unknown-to-host-compiler -DUSE_C10D_GLOO -DUSE_C10D_NCCL -DUSE_DISTRIBUTED -DUSE_RPC -DUSE_TENSORPIPE -Dflash_attention_libs_EXPORTS --options-file CMakeFiles/flash_attention_libs.dir/includes_CUDA.rsp -gencode arch=compute_80,code=sm_80 -O3 -std=c++17 -U__CUDA_NO_HALF_OPERATORS__ -U__CUDA_NO_HALF_CONVERSIONS__ -U__CUDA_NO_HALF2_OPERATORS__ -U__CUDA_NO_BFLOAT16_CONVERSIONS__ --expt-relaxed-constexpr --expt-extended-lambda --use_fast_math -std=c++17 -Xcompiler=-fPIC -D_GLIBCXX_USE_CXX11_ABI=1 -MD -MT CMakeFiles/flash_attention_libs.dir/home/eikan/local_disk/liaoxuan/flash-attention/csrc/flash_attn/src/flash_fwd_split_hdim32_fp16_causal_sm80.cu.o -MF CMakeFiles/flash_attention_libs.dir/home/eikan/local_disk/liaoxuan/flash-attention/csrc/flash_attn/src/flash_fwd_split_hdim32_fp16_causal_sm80.cu.o.d -x cu -c /home/eikan/local_disk/liaoxuan/flash-attention/csrc/flash_attn/src/flash_fwd_split_hdim32_fp16_causal_sm80.cu -o CMakeFiles/flash_attention_libs.dir/home/eikan/local_disk/liaoxuan/flash-attention/csrc/flash_attn/src/flash_fwd_split_hdim32_fp16_causal_sm80.cu.o
[ 22%] Building CUDA object CMakeFiles/flash_attention_libs.dir/home/eikan/local_disk/liaoxuan/flash-attention/csrc/flash_attn/src/flash_fwd_split_hdim32_bf16_causal_sm80.cu.o
/usr/local/cuda/bin/nvcc -forward-unknown-to-host-compiler -DUSE_C10D_GLOO -DUSE_C10D_NCCL -DUSE_DISTRIBUTED -DUSE_RPC -DUSE_TENSORPIPE -Dflash_attention_libs_EXPORTS --options-file CMakeFiles/flash_attention_libs.dir/includes_CUDA.rsp -gencode arch=compute_80,code=sm_80 -O3 -std=c++17 -U__CUDA_NO_HALF_OPERATORS__ -U__CUDA_NO_HALF_CONVERSIONS__ -U__CUDA_NO_HALF2_OPERATORS__ -U__CUDA_NO_BFLOAT16_CONVERSIONS__ --expt-relaxed-constexpr --expt-extended-lambda --use_fast_math -std=c++17 -Xcompiler=-fPIC -D_GLIBCXX_USE_CXX11_ABI=1 -MD -MT CMakeFiles/flash_attention_libs.dir/home/eikan/local_disk/liaoxuan/flash-attention/csrc/flash_attn/src/flash_fwd_split_hdim32_bf16_causal_sm80.cu.o -MF CMakeFiles/flash_attention_libs.dir/home/eikan/local_disk/liaoxuan/flash-attention/csrc/flash_attn/src/flash_fwd_split_hdim32_bf16_causal_sm80.cu.o.d -x cu -c /home/eikan/local_disk/liaoxuan/flash-attention/csrc/flash_attn/src/flash_fwd_split_hdim32_bf16_causal_sm80.cu -o CMakeFiles/flash_attention_libs.dir/home/eikan/local_disk/liaoxuan/flash-attention/csrc/flash_attn/src/flash_fwd_split_hdim32_bf16_causal_sm80.cu.o
[ 23%] Building CUDA object CMakeFiles/flash_attention_libs.dir/home/eikan/local_disk/liaoxuan/flash-attention/csrc/flash_attn/src/flash_fwd_split_hdim64_fp16_causal_sm80.cu.o
/usr/local/cuda/bin/nvcc -forward-unknown-to-host-compiler -DUSE_C10D_GLOO -DUSE_C10D_NCCL -DUSE_DISTRIBUTED -DUSE_RPC -DUSE_TENSORPIPE -Dflash_attention_libs_EXPORTS --options-file CMakeFiles/flash_attention_libs.dir/includes_CUDA.rsp -gencode arch=compute_80,code=sm_80 -O3 -std=c++17 -U__CUDA_NO_HALF_OPERATORS__ -U__CUDA_NO_HALF_CONVERSIONS__ -U__CUDA_NO_HALF2_OPERATORS__ -U__CUDA_NO_BFLOAT16_CONVERSIONS__ --expt-relaxed-constexpr --expt-extended-lambda --use_fast_math -std=c++17 -Xcompiler=-fPIC -D_GLIBCXX_USE_CXX11_ABI=1 -MD -MT CMakeFiles/flash_attention_libs.dir/home/eikan/local_disk/liaoxuan/flash-attention/csrc/flash_attn/src/flash_fwd_split_hdim64_fp16_causal_sm80.cu.o -MF CMakeFiles/flash_attention_libs.dir/home/eikan/local_disk/liaoxuan/flash-attention/csrc/flash_attn/src/flash_fwd_split_hdim64_fp16_causal_sm80.cu.o.d -x cu -c /home/eikan/local_disk/liaoxuan/flash-attention/csrc/flash_attn/src/flash_fwd_split_hdim64_fp16_causal_sm80.cu -o CMakeFiles/flash_attention_libs.dir/home/eikan/local_disk/liaoxuan/flash-attention/csrc/flash_attn/src/flash_fwd_split_hdim64_fp16_causal_sm80.cu.o
[ 25%] Building CUDA object CMakeFiles/flash_attention_libs.dir/home/eikan/local_disk/liaoxuan/flash-attention/csrc/flash_attn/src/flash_fwd_split_hdim64_bf16_causal_sm80.cu.o
/usr/local/cuda/bin/nvcc -forward-unknown-to-host-compiler -DUSE_C10D_GLOO -DUSE_C10D_NCCL -DUSE_DISTRIBUTED -DUSE_RPC -DUSE_TENSORPIPE -Dflash_attention_libs_EXPORTS --options-file CMakeFiles/flash_attention_libs.dir/includes_CUDA.rsp -gencode arch=compute_80,code=sm_80 -O3 -std=c++17 -U__CUDA_NO_HALF_OPERATORS__ -U__CUDA_NO_HALF_CONVERSIONS__ -U__CUDA_NO_HALF2_OPERATORS__ -U__CUDA_NO_BFLOAT16_CONVERSIONS__ --expt-relaxed-constexpr --expt-extended-lambda --use_fast_math -std=c++17 -Xcompiler=-fPIC -D_GLIBCXX_USE_CXX11_ABI=1 -MD -MT CMakeFiles/flash_attention_libs.dir/home/eikan/local_disk/liaoxuan/flash-attention/csrc/flash_attn/src/flash_fwd_split_hdim64_bf16_causal_sm80.cu.o -MF CMakeFiles/flash_attention_libs.dir/home/eikan/local_disk/liaoxuan/flash-attention/csrc/flash_attn/src/flash_fwd_split_hdim64_bf16_causal_sm80.cu.o.d -x cu -c /home/eikan/local_disk/liaoxuan/flash-attention/csrc/flash_attn/src/flash_fwd_split_hdim64_bf16_causal_sm80.cu -o CMakeFiles/flash_attention_libs.dir/home/eikan/local_disk/liaoxuan/flash-attention/csrc/flash_attn/src/flash_fwd_split_hdim64_bf16_causal_sm80.cu.o
[ 26%] Building CUDA object CMakeFiles/flash_attention_libs.dir/home/eikan/local_disk/liaoxuan/flash-attention/csrc/flash_attn/src/flash_fwd_split_hdim96_fp16_causal_sm80.cu.o
/usr/local/cuda/bin/nvcc -forward-unknown-to-host-compiler -DUSE_C10D_GLOO -DUSE_C10D_NCCL -DUSE_DISTRIBUTED -DUSE_RPC -DUSE_TENSORPIPE -Dflash_attention_libs_EXPORTS --options-file CMakeFiles/flash_attention_libs.dir/includes_CUDA.rsp -gencode arch=compute_80,code=sm_80 -O3 -std=c++17 -U__CUDA_NO_HALF_OPERATORS__ -U__CUDA_NO_HALF_CONVERSIONS__ -U__CUDA_NO_HALF2_OPERATORS__ -U__CUDA_NO_BFLOAT16_CONVERSIONS__ --expt-relaxed-constexpr --expt-extended-lambda --use_fast_math -std=c++17 -Xcompiler=-fPIC -D_GLIBCXX_USE_CXX11_ABI=1 -MD -MT CMakeFiles/flash_attention_libs.dir/home/eikan/local_disk/liaoxuan/flash-attention/csrc/flash_attn/src/flash_fwd_split_hdim96_fp16_causal_sm80.cu.o -MF CMakeFiles/flash_attention_libs.dir/home/eikan/local_disk/liaoxuan/flash-attention/csrc/flash_attn/src/flash_fwd_split_hdim96_fp16_causal_sm80.cu.o.d -x cu -c /home/eikan/local_disk/liaoxuan/flash-attention/csrc/flash_attn/src/flash_fwd_split_hdim96_fp16_causal_sm80.cu -o CMakeFiles/flash_attention_libs.dir/home/eikan/local_disk/liaoxuan/flash-attention/csrc/flash_attn/src/flash_fwd_split_hdim96_fp16_causal_sm80.cu.o
[ 27%] Building CUDA object CMakeFiles/flash_attention_libs.dir/home/eikan/local_disk/liaoxuan/flash-attention/csrc/flash_attn/src/flash_fwd_split_hdim96_bf16_causal_sm80.cu.o
/usr/local/cuda/bin/nvcc -forward-unknown-to-host-compiler -DUSE_C10D_GLOO -DUSE_C10D_NCCL -DUSE_DISTRIBUTED -DUSE_RPC -DUSE_TENSORPIPE -Dflash_attention_libs_EXPORTS --options-file CMakeFiles/flash_attention_libs.dir/includes_CUDA.rsp -gencode arch=compute_80,code=sm_80 -O3 -std=c++17 -U__CUDA_NO_HALF_OPERATORS__ -U__CUDA_NO_HALF_CONVERSIONS__ -U__CUDA_NO_HALF2_OPERATORS__ -U__CUDA_NO_BFLOAT16_CONVERSIONS__ --expt-relaxed-constexpr --expt-extended-lambda --use_fast_math -std=c++17 -Xcompiler=-fPIC -D_GLIBCXX_USE_CXX11_ABI=1 -MD -MT CMakeFiles/flash_attention_libs.dir/home/eikan/local_disk/liaoxuan/flash-attention/csrc/flash_attn/src/flash_fwd_split_hdim96_bf16_causal_sm80.cu.o -MF CMakeFiles/flash_attention_libs.dir/home/eikan/local_disk/liaoxuan/flash-attention/csrc/flash_attn/src/flash_fwd_split_hdim96_bf16_causal_sm80.cu.o.d -x cu -c /home/eikan/local_disk/liaoxuan/flash-attention/csrc/flash_attn/src/flash_fwd_split_hdim96_bf16_causal_sm80.cu -o CMakeFiles/flash_attention_libs.dir/home/eikan/local_disk/liaoxuan/flash-attention/csrc/flash_attn/src/flash_fwd_split_hdim96_bf16_causal_sm80.cu.o
[ 28%] Building CUDA object CMakeFiles/flash_attention_libs.dir/home/eikan/local_disk/liaoxuan/flash-attention/csrc/flash_attn/src/flash_fwd_split_hdim128_fp16_causal_sm80.cu.o
/usr/local/cuda/bin/nvcc -forward-unknown-to-host-compiler -DUSE_C10D_GLOO -DUSE_C10D_NCCL -DUSE_DISTRIBUTED -DUSE_RPC -DUSE_TENSORPIPE -Dflash_attention_libs_EXPORTS --options-file CMakeFiles/flash_attention_libs.dir/includes_CUDA.rsp -gencode arch=compute_80,code=sm_80 -O3 -std=c++17 -U__CUDA_NO_HALF_OPERATORS__ -U__CUDA_NO_HALF_CONVERSIONS__ -U__CUDA_NO_HALF2_OPERATORS__ -U__CUDA_NO_BFLOAT16_CONVERSIONS__ --expt-relaxed-constexpr --expt-extended-lambda --use_fast_math -std=c++17 -Xcompiler=-fPIC -D_GLIBCXX_USE_CXX11_ABI=1 -MD -MT CMakeFiles/flash_attention_libs.dir/home/eikan/local_disk/liaoxuan/flash-attention/csrc/flash_attn/src/flash_fwd_split_hdim128_fp16_causal_sm80.cu.o -MF CMakeFiles/flash_attention_libs.dir/home/eikan/local_disk/liaoxuan/flash-attention/csrc/flash_attn/src/flash_fwd_split_hdim128_fp16_causal_sm80.cu.o.d -x cu -c /home/eikan/local_disk/liaoxuan/flash-attention/csrc/flash_attn/src/flash_fwd_split_hdim128_fp16_causal_sm80.cu -o CMakeFiles/flash_attention_libs.dir/home/eikan/local_disk/liaoxuan/flash-attention/csrc/flash_attn/src/flash_fwd_split_hdim128_fp16_causal_sm80.cu.o
[ 29%] Building CUDA object CMakeFiles/flash_attention_libs.dir/home/eikan/local_disk/liaoxuan/flash-attention/csrc/flash_attn/src/flash_fwd_split_hdim128_bf16_causal_sm80.cu.o
/usr/local/cuda/bin/nvcc -forward-unknown-to-host-compiler -DUSE_C10D_GLOO -DUSE_C10D_NCCL -DUSE_DISTRIBUTED -DUSE_RPC -DUSE_TENSORPIPE -Dflash_attention_libs_EXPORTS --options-file CMakeFiles/flash_attention_libs.dir/includes_CUDA.rsp -gencode arch=compute_80,code=sm_80 -O3 -std=c++17 -U__CUDA_NO_HALF_OPERATORS__ -U__CUDA_NO_HALF_CONVERSIONS__ -U__CUDA_NO_HALF2_OPERATORS__ -U__CUDA_NO_BFLOAT16_CONVERSIONS__ --expt-relaxed-constexpr --expt-extended-lambda --use_fast_math -std=c++17 -Xcompiler=-fPIC -D_GLIBCXX_USE_CXX11_ABI=1 -MD -MT CMakeFiles/flash_attention_libs.dir/home/eikan/local_disk/liaoxuan/flash-attention/csrc/flash_attn/src/flash_fwd_split_hdim128_bf16_causal_sm80.cu.o -MF CMakeFiles/flash_attention_libs.dir/home/eikan/local_disk/liaoxuan/flash-attention/csrc/flash_attn/src/flash_fwd_split_hdim128_bf16_causal_sm80.cu.o.d -x cu -c /home/eikan/local_disk/liaoxuan/flash-attention/csrc/flash_attn/src/flash_fwd_split_hdim128_bf16_causal_sm80.cu -o CMakeFiles/flash_attention_libs.dir/home/eikan/local_disk/liaoxuan/flash-attention/csrc/flash_attn/src/flash_fwd_split_hdim128_bf16_causal_sm80.cu.o
[ 30%] Building CUDA object CMakeFiles/flash_attention_libs.dir/home/eikan/local_disk/liaoxuan/flash-attention/csrc/flash_attn/src/flash_fwd_split_hdim160_fp16_causal_sm80.cu.o
/usr/local/cuda/bin/nvcc -forward-unknown-to-host-compiler -DUSE_C10D_GLOO -DUSE_C10D_NCCL -DUSE_DISTRIBUTED -DUSE_RPC -DUSE_TENSORPIPE -Dflash_attention_libs_EXPORTS --options-file CMakeFiles/flash_attention_libs.dir/includes_CUDA.rsp -gencode arch=compute_80,code=sm_80 -O3 -std=c++17 -U__CUDA_NO_HALF_OPERATORS__ -U__CUDA_NO_HALF_CONVERSIONS__ -U__CUDA_NO_HALF2_OPERATORS__ -U__CUDA_NO_BFLOAT16_CONVERSIONS__ --expt-relaxed-constexpr --expt-extended-lambda --use_fast_math -std=c++17 -Xcompiler=-fPIC -D_GLIBCXX_USE_CXX11_ABI=1 -MD -MT CMakeFiles/flash_attention_libs.dir/home/eikan/local_disk/liaoxuan/flash-attention/csrc/flash_attn/src/flash_fwd_split_hdim160_fp16_causal_sm80.cu.o -MF CMakeFiles/flash_attention_libs.dir/home/eikan/local_disk/liaoxuan/flash-attention/csrc/flash_attn/src/flash_fwd_split_hdim160_fp16_causal_sm80.cu.o.d -x cu -c /home/eikan/local_disk/liaoxuan/flash-attention/csrc/flash_attn/src/flash_fwd_split_hdim160_fp16_causal_sm80.cu -o CMakeFiles/flash_attention_libs.dir/home/eikan/local_disk/liaoxuan/flash-attention/csrc/flash_attn/src/flash_fwd_split_hdim160_fp16_causal_sm80.cu.o
[ 31%] Building CUDA object CMakeFiles/flash_attention_libs.dir/home/eikan/local_disk/liaoxuan/flash-attention/csrc/flash_attn/src/flash_fwd_split_hdim160_bf16_causal_sm80.cu.o
/usr/local/cuda/bin/nvcc -forward-unknown-to-host-compiler -DUSE_C10D_GLOO -DUSE_C10D_NCCL -DUSE_DISTRIBUTED -DUSE_RPC -DUSE_TENSORPIPE -Dflash_attention_libs_EXPORTS --options-file CMakeFiles/flash_attention_libs.dir/includes_CUDA.rsp -gencode arch=compute_80,code=sm_80 -O3 -std=c++17 -U__CUDA_NO_HALF_OPERATORS__ -U__CUDA_NO_HALF_CONVERSIONS__ -U__CUDA_NO_HALF2_OPERATORS__ -U__CUDA_NO_BFLOAT16_CONVERSIONS__ --expt-relaxed-constexpr --expt-extended-lambda --use_fast_math -std=c++17 -Xcompiler=-fPIC -D_GLIBCXX_USE_CXX11_ABI=1 -MD -MT CMakeFiles/flash_attention_libs.dir/home/eikan/local_disk/liaoxuan/flash-attention/csrc/flash_attn/src/flash_fwd_split_hdim160_bf16_causal_sm80.cu.o -MF CMakeFiles/flash_attention_libs.dir/home/eikan/local_disk/liaoxuan/flash-attention/csrc/flash_attn/src/flash_fwd_split_hdim160_bf16_causal_sm80.cu.o.d -x cu -c /home/eikan/local_disk/liaoxuan/flash-attention/csrc/flash_attn/src/flash_fwd_split_hdim160_bf16_causal_sm80.cu -o CMakeFiles/flash_attention_libs.dir/home/eikan/local_disk/liaoxuan/flash-attention/csrc/flash_attn/src/flash_fwd_split_hdim160_bf16_causal_sm80.cu.o
[ 32%] Building CUDA object CMakeFiles/flash_attention_libs.dir/home/eikan/local_disk/liaoxuan/flash-attention/csrc/flash_attn/src/flash_fwd_split_hdim192_fp16_causal_sm80.cu.o
/usr/local/cuda/bin/nvcc -forward-unknown-to-host-compiler -DUSE_C10D_GLOO -DUSE_C10D_NCCL -DUSE_DISTRIBUTED -DUSE_RPC -DUSE_TENSORPIPE -Dflash_attention_libs_EXPORTS --options-file CMakeFiles/flash_attention_libs.dir/includes_CUDA.rsp -gencode arch=compute_80,code=sm_80 -O3 -std=c++17 -U__CUDA_NO_HALF_OPERATORS__ -U__CUDA_NO_HALF_CONVERSIONS__ -U__CUDA_NO_HALF2_OPERATORS__ -U__CUDA_NO_BFLOAT16_CONVERSIONS__ --expt-relaxed-constexpr --expt-extended-lambda --use_fast_math -std=c++17 -Xcompiler=-fPIC -D_GLIBCXX_USE_CXX11_ABI=1 -MD -MT CMakeFiles/flash_attention_libs.dir/home/eikan/local_disk/liaoxuan/flash-attention/csrc/flash_attn/src/flash_fwd_split_hdim192_fp16_causal_sm80.cu.o -MF CMakeFiles/flash_attention_libs.dir/home/eikan/local_disk/liaoxuan/flash-attention/csrc/flash_attn/src/flash_fwd_split_hdim192_fp16_causal_sm80.cu.o.d -x cu -c /home/eikan/local_disk/liaoxuan/flash-attention/csrc/flash_attn/src/flash_fwd_split_hdim192_fp16_causal_sm80.cu -o CMakeFiles/flash_attention_libs.dir/home/eikan/local_disk/liaoxuan/flash-attention/csrc/flash_attn/src/flash_fwd_split_hdim192_fp16_causal_sm80.cu.o
[ 34%] Building CUDA object CMakeFiles/flash_attention_libs.dir/home/eikan/local_disk/liaoxuan/flash-attention/csrc/flash_attn/src/flash_fwd_split_hdim192_bf16_causal_sm80.cu.o
/usr/local/cuda/bin/nvcc -forward-unknown-to-host-compiler -DUSE_C10D_GLOO -DUSE_C10D_NCCL -DUSE_DISTRIBUTED -DUSE_RPC -DUSE_TENSORPIPE -Dflash_attention_libs_EXPORTS --options-file CMakeFiles/flash_attention_libs.dir/includes_CUDA.rsp -gencode arch=compute_80,code=sm_80 -O3 -std=c++17 -U__CUDA_NO_HALF_OPERATORS__ -U__CUDA_NO_HALF_CONVERSIONS__ -U__CUDA_NO_HALF2_OPERATORS__ -U__CUDA_NO_BFLOAT16_CONVERSIONS__ --expt-relaxed-constexpr --expt-extended-lambda --use_fast_math -std=c++17 -Xcompiler=-fPIC -D_GLIBCXX_USE_CXX11_ABI=1 -MD -MT CMakeFiles/flash_attention_libs.dir/home/eikan/local_disk/liaoxuan/flash-attention/csrc/flash_attn/src/flash_fwd_split_hdim192_bf16_causal_sm80.cu.o -MF CMakeFiles/flash_attention_libs.dir/home/eikan/local_disk/liaoxuan/flash-attention/csrc/flash_attn/src/flash_fwd_split_hdim192_bf16_causal_sm80.cu.o.d -x cu -c /home/eikan/local_disk/liaoxuan/flash-attention/csrc/flash_attn/src/flash_fwd_split_hdim192_bf16_causal_sm80.cu -o CMakeFiles/flash_attention_libs.dir/home/eikan/local_disk/liaoxuan/flash-attention/csrc/flash_attn/src/flash_fwd_split_hdim192_bf16_causal_sm80.cu.o
[ 35%] Building CUDA object CMakeFiles/flash_attention_libs.dir/home/eikan/local_disk/liaoxuan/flash-attention/csrc/flash_attn/src/flash_fwd_split_hdim256_fp16_causal_sm80.cu.o
/usr/local/cuda/bin/nvcc -forward-unknown-to-host-compiler -DUSE_C10D_GLOO -DUSE_C10D_NCCL -DUSE_DISTRIBUTED -DUSE_RPC -DUSE_TENSORPIPE -Dflash_attention_libs_EXPORTS --options-file CMakeFiles/flash_attention_libs.dir/includes_CUDA.rsp -gencode arch=compute_80,code=sm_80 -O3 -std=c++17 -U__CUDA_NO_HALF_OPERATORS__ -U__CUDA_NO_HALF_CONVERSIONS__ -U__CUDA_NO_HALF2_OPERATORS__ -U__CUDA_NO_BFLOAT16_CONVERSIONS__ --expt-relaxed-constexpr --expt-extended-lambda --use_fast_math -std=c++17 -Xcompiler=-fPIC -D_GLIBCXX_USE_CXX11_ABI=1 -MD -MT CMakeFiles/flash_attention_libs.dir/home/eikan/local_disk/liaoxuan/flash-attention/csrc/flash_attn/src/flash_fwd_split_hdim256_fp16_causal_sm80.cu.o -MF CMakeFiles/flash_attention_libs.dir/home/eikan/local_disk/liaoxuan/flash-attention/csrc/flash_attn/src/flash_fwd_split_hdim256_fp16_causal_sm80.cu.o.d -x cu -c /home/eikan/local_disk/liaoxuan/flash-attention/csrc/flash_attn/src/flash_fwd_split_hdim256_fp16_causal_sm80.cu -o CMakeFiles/flash_attention_libs.dir/home/eikan/local_disk/liaoxuan/flash-attention/csrc/flash_attn/src/flash_fwd_split_hdim256_fp16_causal_sm80.cu.o
[ 36%] Building CUDA object CMakeFiles/flash_attention_libs.dir/home/eikan/local_disk/liaoxuan/flash-attention/csrc/flash_attn/src/flash_fwd_split_hdim256_bf16_causal_sm80.cu.o
/usr/local/cuda/bin/nvcc -forward-unknown-to-host-compiler -DUSE_C10D_GLOO -DUSE_C10D_NCCL -DUSE_DISTRIBUTED -DUSE_RPC -DUSE_TENSORPIPE -Dflash_attention_libs_EXPORTS --options-file CMakeFiles/flash_attention_libs.dir/includes_CUDA.rsp -gencode arch=compute_80,code=sm_80 -O3 -std=c++17 -U__CUDA_NO_HALF_OPERATORS__ -U__CUDA_NO_HALF_CONVERSIONS__ -U__CUDA_NO_HALF2_OPERATORS__ -U__CUDA_NO_BFLOAT16_CONVERSIONS__ --expt-relaxed-constexpr --expt-extended-lambda --use_fast_math -std=c++17 -Xcompiler=-fPIC -D_GLIBCXX_USE_CXX11_ABI=1 -MD -MT CMakeFiles/flash_attention_libs.dir/home/eikan/local_disk/liaoxuan/flash-attention/csrc/flash_attn/src/flash_fwd_split_hdim256_bf16_causal_sm80.cu.o -MF CMakeFiles/flash_attention_libs.dir/home/eikan/local_disk/liaoxuan/flash-attention/csrc/flash_attn/src/flash_fwd_split_hdim256_bf16_causal_sm80.cu.o.d -x cu -c /home/eikan/local_disk/liaoxuan/flash-attention/csrc/flash_attn/src/flash_fwd_split_hdim256_bf16_causal_sm80.cu -o CMakeFiles/flash_attention_libs.dir/home/eikan/local_disk/liaoxuan/flash-attention/csrc/flash_attn/src/flash_fwd_split_hdim256_bf16_causal_sm80.cu.o
[ 37%] Linking CXX shared library flash_attention_libs.so
/home/eikan/local_disk/liaoxuan/anaconda3/envs/cuda/bin/cmake -E cmake_link_script CMakeFiles/flash_attention_libs.dir/link.txt --verbose=1
/usr/bin/c++ -fPIC  -O3 -std=c++17 -shared -Wl,-soname,flash_attention_libs.so -o flash_attention_libs.so "CMakeFiles/flash_attention_libs.dir/home/eikan/local_disk/liaoxuan/flash-attention/csrc/flash_attn/flash_api.cpp.o" "CMakeFiles/flash_attention_libs.dir/home/eikan/local_disk/liaoxuan/flash-attention/csrc/flash_attn/src/flash_fwd_hdim32_fp16_sm80.cu.o" "CMakeFiles/flash_attention_libs.dir/home/eikan/local_disk/liaoxuan/flash-attention/csrc/flash_attn/src/flash_fwd_hdim32_bf16_sm80.cu.o" "CMakeFiles/flash_attention_libs.dir/home/eikan/local_disk/liaoxuan/flash-attention/csrc/flash_attn/src/flash_fwd_hdim64_fp16_sm80.cu.o" "CMakeFiles/flash_attention_libs.dir/home/eikan/local_disk/liaoxuan/flash-attention/csrc/flash_attn/src/flash_fwd_hdim64_bf16_sm80.cu.o" "CMakeFiles/flash_attention_libs.dir/home/eikan/local_disk/liaoxuan/flash-attention/csrc/flash_attn/src/flash_fwd_hdim96_fp16_sm80.cu.o" "CMakeFiles/flash_attention_libs.dir/home/eikan/local_disk/liaoxuan/flash-attention/csrc/flash_attn/src/flash_fwd_hdim96_bf16_sm80.cu.o" "CMakeFiles/flash_attention_libs.dir/home/eikan/local_disk/liaoxuan/flash-attention/csrc/flash_attn/src/flash_fwd_hdim128_fp16_sm80.cu.o" "CMakeFiles/flash_attention_libs.dir/home/eikan/local_disk/liaoxuan/flash-attention/csrc/flash_attn/src/flash_fwd_hdim128_bf16_sm80.cu.o" "CMakeFiles/flash_attention_libs.dir/home/eikan/local_disk/liaoxuan/flash-attention/csrc/flash_attn/src/flash_fwd_hdim160_fp16_sm80.cu.o" "CMakeFiles/flash_attention_libs.dir/home/eikan/local_disk/liaoxuan/flash-attention/csrc/flash_attn/src/flash_fwd_hdim160_bf16_sm80.cu.o" "CMakeFiles/flash_attention_libs.dir/home/eikan/local_disk/liaoxuan/flash-attention/csrc/flash_attn/src/flash_fwd_hdim192_fp16_sm80.cu.o" "CMakeFiles/flash_attention_libs.dir/home/eikan/local_disk/liaoxuan/flash-attention/csrc/flash_attn/src/flash_fwd_hdim192_bf16_sm80.cu.o" "CMakeFiles/flash_attention_libs.dir/home/eikan/local_disk/liaoxuan/flash-attention/csrc/flash_attn/src/flash_fwd_hdim256_fp16_sm80.cu.o" "CMakeFiles/flash_attention_libs.dir/home/eikan/local_disk/liaoxuan/flash-attention/csrc/flash_attn/src/flash_fwd_hdim256_bf16_sm80.cu.o" "CMakeFiles/flash_attention_libs.dir/home/eikan/local_disk/liaoxuan/flash-attention/csrc/flash_attn/src/flash_fwd_hdim32_fp16_causal_sm80.cu.o" "CMakeFiles/flash_attention_libs.dir/home/eikan/local_disk/liaoxuan/flash-attention/csrc/flash_attn/src/flash_fwd_hdim32_bf16_causal_sm80.cu.o" "CMakeFiles/flash_attention_libs.dir/home/eikan/local_disk/liaoxuan/flash-attention/csrc/flash_attn/src/flash_fwd_hdim64_fp16_causal_sm80.cu.o" "CMakeFiles/flash_attention_libs.dir/home/eikan/local_disk/liaoxuan/flash-attention/csrc/flash_attn/src/flash_fwd_hdim64_bf16_causal_sm80.cu.o" "CMakeFiles/flash_attention_libs.dir/home/eikan/local_disk/liaoxuan/flash-attention/csrc/flash_attn/src/flash_fwd_hdim96_fp16_causal_sm80.cu.o" "CMakeFiles/flash_attention_libs.dir/home/eikan/local_disk/liaoxuan/flash-attention/csrc/flash_attn/src/flash_fwd_hdim96_bf16_causal_sm80.cu.o" "CMakeFiles/flash_attention_libs.dir/home/eikan/local_disk/liaoxuan/flash-attention/csrc/flash_attn/src/flash_fwd_hdim128_fp16_causal_sm80.cu.o" "CMakeFiles/flash_attention_libs.dir/home/eikan/local_disk/liaoxuan/flash-attention/csrc/flash_attn/src/flash_fwd_hdim128_bf16_causal_sm80.cu.o" "CMakeFiles/flash_attention_libs.dir/home/eikan/local_disk/liaoxuan/flash-attention/csrc/flash_attn/src/flash_fwd_hdim160_fp16_causal_sm80.cu.o" "CMakeFiles/flash_attention_libs.dir/home/eikan/local_disk/liaoxuan/flash-attention/csrc/flash_attn/src/flash_fwd_hdim160_bf16_causal_sm80.cu.o" "CMakeFiles/flash_attention_libs.dir/home/eikan/local_disk/liaoxuan/flash-attention/csrc/flash_attn/src/flash_fwd_hdim192_fp16_causal_sm80.cu.o" "CMakeFiles/flash_attention_libs.dir/home/eikan/local_disk/liaoxuan/flash-attention/csrc/flash_attn/src/flash_fwd_hdim192_bf16_causal_sm80.cu.o" "CMakeFiles/flash_attention_libs.dir/home/eikan/local_disk/liaoxuan/flash-attention/csrc/flash_attn/src/flash_fwd_hdim256_fp16_causal_sm80.cu.o" "CMakeFiles/flash_attention_libs.dir/home/eikan/local_disk/liaoxuan/flash-attention/csrc/flash_attn/src/flash_fwd_hdim256_bf16_causal_sm80.cu.o" "CMakeFiles/flash_attention_libs.dir/home/eikan/local_disk/liaoxuan/flash-attention/csrc/flash_attn/src/flash_bwd_hdim32_fp16_sm80.cu.o" "CMakeFiles/flash_attention_libs.dir/home/eikan/local_disk/liaoxuan/flash-attention/csrc/flash_attn/src/flash_bwd_hdim32_bf16_sm80.cu.o" "CMakeFiles/flash_attention_libs.dir/home/eikan/local_disk/liaoxuan/flash-attention/csrc/flash_attn/src/flash_bwd_hdim64_fp16_sm80.cu.o" "CMakeFiles/flash_attention_libs.dir/home/eikan/local_disk/liaoxuan/flash-attention/csrc/flash_attn/src/flash_bwd_hdim64_bf16_sm80.cu.o" "CMakeFiles/flash_attention_libs.dir/home/eikan/local_disk/liaoxuan/flash-attention/csrc/flash_attn/src/flash_bwd_hdim96_fp16_sm80.cu.o" "CMakeFiles/flash_attention_libs.dir/home/eikan/local_disk/liaoxuan/flash-attention/csrc/flash_attn/src/flash_bwd_hdim96_bf16_sm80.cu.o" "CMakeFiles/flash_attention_libs.dir/home/eikan/local_disk/liaoxuan/flash-attention/csrc/flash_attn/src/flash_bwd_hdim128_fp16_sm80.cu.o" "CMakeFiles/flash_attention_libs.dir/home/eikan/local_disk/liaoxuan/flash-attention/csrc/flash_attn/src/flash_bwd_hdim128_bf16_sm80.cu.o" "CMakeFiles/flash_attention_libs.dir/home/eikan/local_disk/liaoxuan/flash-attention/csrc/flash_attn/src/flash_bwd_hdim160_fp16_sm80.cu.o" "CMakeFiles/flash_attention_libs.dir/home/eikan/local_disk/liaoxuan/flash-attention/csrc/flash_attn/src/flash_bwd_hdim160_bf16_sm80.cu.o" "CMakeFiles/flash_attention_libs.dir/home/eikan/local_disk/liaoxuan/flash-attention/csrc/flash_attn/src/flash_bwd_hdim192_fp16_sm80.cu.o" "CMakeFiles/flash_attention_libs.dir/home/eikan/local_disk/liaoxuan/flash-attention/csrc/flash_attn/src/flash_bwd_hdim192_bf16_sm80.cu.o" "CMakeFiles/flash_attention_libs.dir/home/eikan/local_disk/liaoxuan/flash-attention/csrc/flash_attn/src/flash_bwd_hdim256_fp16_sm80.cu.o" "CMakeFiles/flash_attention_libs.dir/home/eikan/local_disk/liaoxuan/flash-attention/csrc/flash_attn/src/flash_bwd_hdim256_bf16_sm80.cu.o" "CMakeFiles/flash_attention_libs.dir/home/eikan/local_disk/liaoxuan/flash-attention/csrc/flash_attn/src/flash_bwd_hdim32_fp16_causal_sm80.cu.o" "CMakeFiles/flash_attention_libs.dir/home/eikan/local_disk/liaoxuan/flash-attention/csrc/flash_attn/src/flash_bwd_hdim32_bf16_causal_sm80.cu.o" "CMakeFiles/flash_attention_libs.dir/home/eikan/local_disk/liaoxuan/flash-attention/csrc/flash_attn/src/flash_bwd_hdim64_fp16_causal_sm80.cu.o" "CMakeFiles/flash_attention_libs.dir/home/eikan/local_disk/liaoxuan/flash-attention/csrc/flash_attn/src/flash_bwd_hdim64_bf16_causal_sm80.cu.o" "CMakeFiles/flash_attention_libs.dir/home/eikan/local_disk/liaoxuan/flash-attention/csrc/flash_attn/src/flash_bwd_hdim96_fp16_causal_sm80.cu.o" "CMakeFiles/flash_attention_libs.dir/home/eikan/local_disk/liaoxuan/flash-attention/csrc/flash_attn/src/flash_bwd_hdim96_bf16_causal_sm80.cu.o" "CMakeFiles/flash_attention_libs.dir/home/eikan/local_disk/liaoxuan/flash-attention/csrc/flash_attn/src/flash_bwd_hdim128_fp16_causal_sm80.cu.o" "CMakeFiles/flash_attention_libs.dir/home/eikan/local_disk/liaoxuan/flash-attention/csrc/flash_attn/src/flash_bwd_hdim128_bf16_causal_sm80.cu.o" "CMakeFiles/flash_attention_libs.dir/home/eikan/local_disk/liaoxuan/flash-attention/csrc/flash_attn/src/flash_bwd_hdim160_fp16_causal_sm80.cu.o" "CMakeFiles/flash_attention_libs.dir/home/eikan/local_disk/liaoxuan/flash-attention/csrc/flash_attn/src/flash_bwd_hdim160_bf16_causal_sm80.cu.o" "CMakeFiles/flash_attention_libs.dir/home/eikan/local_disk/liaoxuan/flash-attention/csrc/flash_attn/src/flash_bwd_hdim192_fp16_causal_sm80.cu.o" "CMakeFiles/flash_attention_libs.dir/home/eikan/local_disk/liaoxuan/flash-attention/csrc/flash_attn/src/flash_bwd_hdim192_bf16_causal_sm80.cu.o" "CMakeFiles/flash_attention_libs.dir/home/eikan/local_disk/liaoxuan/flash-attention/csrc/flash_attn/src/flash_bwd_hdim256_fp16_causal_sm80.cu.o" "CMakeFiles/flash_attention_libs.dir/home/eikan/local_disk/liaoxuan/flash-attention/csrc/flash_attn/src/flash_bwd_hdim256_bf16_causal_sm80.cu.o" "CMakeFiles/flash_attention_libs.dir/home/eikan/local_disk/liaoxuan/flash-attention/csrc/flash_attn/src/flash_fwd_split_hdim32_fp16_sm80.cu.o" "CMakeFiles/flash_attention_libs.dir/home/eikan/local_disk/liaoxuan/flash-attention/csrc/flash_attn/src/flash_fwd_split_hdim32_bf16_sm80.cu.o" "CMakeFiles/flash_attention_libs.dir/home/eikan/local_disk/liaoxuan/flash-attention/csrc/flash_attn/src/flash_fwd_split_hdim64_fp16_sm80.cu.o" "CMakeFiles/flash_attention_libs.dir/home/eikan/local_disk/liaoxuan/flash-attention/csrc/flash_attn/src/flash_fwd_split_hdim64_bf16_sm80.cu.o" "CMakeFiles/flash_attention_libs.dir/home/eikan/local_disk/liaoxuan/flash-attention/csrc/flash_attn/src/flash_fwd_split_hdim96_fp16_sm80.cu.o" "CMakeFiles/flash_attention_libs.dir/home/eikan/local_disk/liaoxuan/flash-attention/csrc/flash_attn/src/flash_fwd_split_hdim96_bf16_sm80.cu.o" "CMakeFiles/flash_attention_libs.dir/home/eikan/local_disk/liaoxuan/flash-attention/csrc/flash_attn/src/flash_fwd_split_hdim128_fp16_sm80.cu.o" "CMakeFiles/flash_attention_libs.dir/home/eikan/local_disk/liaoxuan/flash-attention/csrc/flash_attn/src/flash_fwd_split_hdim128_bf16_sm80.cu.o" "CMakeFiles/flash_attention_libs.dir/home/eikan/local_disk/liaoxuan/flash-attention/csrc/flash_attn/src/flash_fwd_split_hdim160_fp16_sm80.cu.o" "CMakeFiles/flash_attention_libs.dir/home/eikan/local_disk/liaoxuan/flash-attention/csrc/flash_attn/src/flash_fwd_split_hdim160_bf16_sm80.cu.o" "CMakeFiles/flash_attention_libs.dir/home/eikan/local_disk/liaoxuan/flash-attention/csrc/flash_attn/src/flash_fwd_split_hdim192_fp16_sm80.cu.o" "CMakeFiles/flash_attention_libs.dir/home/eikan/local_disk/liaoxuan/flash-attention/csrc/flash_attn/src/flash_fwd_split_hdim192_bf16_sm80.cu.o" "CMakeFiles/flash_attention_libs.dir/home/eikan/local_disk/liaoxuan/flash-attention/csrc/flash_attn/src/flash_fwd_split_hdim256_fp16_sm80.cu.o" "CMakeFiles/flash_attention_libs.dir/home/eikan/local_disk/liaoxuan/flash-attention/csrc/flash_attn/src/flash_fwd_split_hdim256_bf16_sm80.cu.o" "CMakeFiles/flash_attention_libs.dir/home/eikan/local_disk/liaoxuan/flash-attention/csrc/flash_attn/src/flash_fwd_split_hdim32_fp16_causal_sm80.cu.o" "CMakeFiles/flash_attention_libs.dir/home/eikan/local_disk/liaoxuan/flash-attention/csrc/flash_attn/src/flash_fwd_split_hdim32_bf16_causal_sm80.cu.o" "CMakeFiles/flash_attention_libs.dir/home/eikan/local_disk/liaoxuan/flash-attention/csrc/flash_attn/src/flash_fwd_split_hdim64_fp16_causal_sm80.cu.o" "CMakeFiles/flash_attention_libs.dir/home/eikan/local_disk/liaoxuan/flash-attention/csrc/flash_attn/src/flash_fwd_split_hdim64_bf16_causal_sm80.cu.o" "CMakeFiles/flash_attention_libs.dir/home/eikan/local_disk/liaoxuan/flash-attention/csrc/flash_attn/src/flash_fwd_split_hdim96_fp16_causal_sm80.cu.o" "CMakeFiles/flash_attention_libs.dir/home/eikan/local_disk/liaoxuan/flash-attention/csrc/flash_attn/src/flash_fwd_split_hdim96_bf16_causal_sm80.cu.o" "CMakeFiles/flash_attention_libs.dir/home/eikan/local_disk/liaoxuan/flash-attention/csrc/flash_attn/src/flash_fwd_split_hdim128_fp16_causal_sm80.cu.o" "CMakeFiles/flash_attention_libs.dir/home/eikan/local_disk/liaoxuan/flash-attention/csrc/flash_attn/src/flash_fwd_split_hdim128_bf16_causal_sm80.cu.o" "CMakeFiles/flash_attention_libs.dir/home/eikan/local_disk/liaoxuan/flash-attention/csrc/flash_attn/src/flash_fwd_split_hdim160_fp16_causal_sm80.cu.o" "CMakeFiles/flash_attention_libs.dir/home/eikan/local_disk/liaoxuan/flash-attention/csrc/flash_attn/src/flash_fwd_split_hdim160_bf16_causal_sm80.cu.o" "CMakeFiles/flash_attention_libs.dir/home/eikan/local_disk/liaoxuan/flash-attention/csrc/flash_attn/src/flash_fwd_split_hdim192_fp16_causal_sm80.cu.o" "CMakeFiles/flash_attention_libs.dir/home/eikan/local_disk/liaoxuan/flash-attention/csrc/flash_attn/src/flash_fwd_split_hdim192_bf16_causal_sm80.cu.o" "CMakeFiles/flash_attention_libs.dir/home/eikan/local_disk/liaoxuan/flash-attention/csrc/flash_attn/src/flash_fwd_split_hdim256_fp16_causal_sm80.cu.o" "CMakeFiles/flash_attention_libs.dir/home/eikan/local_disk/liaoxuan/flash-attention/csrc/flash_attn/src/flash_fwd_split_hdim256_bf16_causal_sm80.cu.o"   -L/usr/local/cuda/targets/x86_64-linux/lib/stubs  -L/usr/local/cuda/targets/x86_64-linux/lib  -Wl,-rpath,/home/eikan/local_disk/liaoxuan/anaconda3/envs/cuda/lib/python3.9/site-packages/torch/lib:/usr/local/cuda/lib64 /home/eikan/local_disk/liaoxuan/anaconda3/envs/cuda/lib/python3.9/site-packages/torch/lib/libtorch.so /home/eikan/local_disk/liaoxuan/anaconda3/envs/cuda/lib/python3.9/site-packages/torch/lib/libc10.so /usr/local/cuda/lib64/libnvrtc.so /home/eikan/local_disk/liaoxuan/anaconda3/envs/cuda/lib/python3.9/site-packages/torch/lib/libc10_cuda.so -Wl,--no-as-needed,"/home/eikan/local_disk/liaoxuan/anaconda3/envs/cuda/lib/python3.9/site-packages/torch/lib/libtorch_cpu.so" -Wl,--as-needed -Wl,--no-as-needed,"/home/eikan/local_disk/liaoxuan/anaconda3/envs/cuda/lib/python3.9/site-packages/torch/lib/libtorch_cuda.so" -Wl,--as-needed /home/eikan/local_disk/liaoxuan/anaconda3/envs/cuda/lib/python3.9/site-packages/torch/lib/libc10_cuda.so /home/eikan/local_disk/liaoxuan/anaconda3/envs/cuda/lib/python3.9/site-packages/torch/lib/libc10.so /usr/local/cuda/lib64/libcudart.so -Wl,--no-as-needed,"/home/eikan/local_disk/liaoxuan/anaconda3/envs/cuda/lib/python3.9/site-packages/torch/lib/libtorch.so" -Wl,--as-needed /usr/local/cuda/lib64/libnvToolsExt.so -lcudadevrt -lcudart_static -lrt -lpthread -ldl 
make[2]: Leaving directory '/home/eikan/local_disk/liaoxuan/flash_attention_cuda/build'
[ 97%] Built target flash_attention_libs
make  -f CMakeFiles/flash_attention_cuda.dir/build.make CMakeFiles/flash_attention_cuda.dir/depend
make[2]: Entering directory '/home/eikan/local_disk/liaoxuan/flash_attention_cuda/build'
cd /home/eikan/local_disk/liaoxuan/flash_attention_cuda/build && /home/eikan/local_disk/liaoxuan/anaconda3/envs/cuda/bin/cmake -E cmake_depends "Unix Makefiles" /home/eikan/local_disk/liaoxuan/flash_attention_cuda /home/eikan/local_disk/liaoxuan/flash_attention_cuda /home/eikan/local_disk/liaoxuan/flash_attention_cuda/build /home/eikan/local_disk/liaoxuan/flash_attention_cuda/build /home/eikan/local_disk/liaoxuan/flash_attention_cuda/build/CMakeFiles/flash_attention_cuda.dir/DependInfo.cmake --color=
Dependencies file "CMakeFiles/flash_attention_cuda.dir/run.cpp.o.d" is newer than depends file "/home/eikan/local_disk/liaoxuan/flash_attention_cuda/build/CMakeFiles/flash_attention_cuda.dir/compiler_depend.internal".
Consolidate compiler generated dependencies of target flash_attention_cuda
make[2]: Leaving directory '/home/eikan/local_disk/liaoxuan/flash_attention_cuda/build'
make  -f CMakeFiles/flash_attention_cuda.dir/build.make CMakeFiles/flash_attention_cuda.dir/build
make[2]: Entering directory '/home/eikan/local_disk/liaoxuan/flash_attention_cuda/build'
[ 98%] Linking CXX executable flash_attention_cuda
/home/eikan/local_disk/liaoxuan/anaconda3/envs/cuda/bin/cmake -E cmake_link_script CMakeFiles/flash_attention_cuda.dir/link.txt --verbose=1
/usr/bin/c++  -O3 -std=c++17 CMakeFiles/flash_attention_cuda.dir/run.cpp.o -o flash_attention_cuda  -Wl,-rpath,/home/eikan/local_disk/liaoxuan/flash_attention_cuda/build:/home/eikan/local_disk/liaoxuan/anaconda3/envs/cuda/lib/python3.9/site-packages/torch/lib:/usr/local/cuda/lib64 flash_attention_libs.so /home/eikan/local_disk/liaoxuan/anaconda3/envs/cuda/lib/python3.9/site-packages/torch/lib/libtorch.so /home/eikan/local_disk/liaoxuan/anaconda3/envs/cuda/lib/python3.9/site-packages/torch/lib/libc10.so /usr/local/cuda/lib64/libnvrtc.so /home/eikan/local_disk/liaoxuan/anaconda3/envs/cuda/lib/python3.9/site-packages/torch/lib/libc10_cuda.so -Wl,--no-as-needed,"/home/eikan/local_disk/liaoxuan/anaconda3/envs/cuda/lib/python3.9/site-packages/torch/lib/libtorch_cpu.so" -Wl,--as-needed -Wl,--no-as-needed,"/home/eikan/local_disk/liaoxuan/anaconda3/envs/cuda/lib/python3.9/site-packages/torch/lib/libtorch_cuda.so" -Wl,--as-needed /home/eikan/local_disk/liaoxuan/anaconda3/envs/cuda/lib/python3.9/site-packages/torch/lib/libc10_cuda.so /home/eikan/local_disk/liaoxuan/anaconda3/envs/cuda/lib/python3.9/site-packages/torch/lib/libc10.so /usr/local/cuda/lib64/libcudart.so -Wl,--no-as-needed,"/home/eikan/local_disk/liaoxuan/anaconda3/envs/cuda/lib/python3.9/site-packages/torch/lib/libtorch.so" -Wl,--as-needed /usr/local/cuda/lib64/libnvToolsExt.so 
make[2]: Leaving directory '/home/eikan/local_disk/liaoxuan/flash_attention_cuda/build'
[100%] Built target flash_attention_cuda
make[1]: Leaving directory '/home/eikan/local_disk/liaoxuan/flash_attention_cuda/build'
/home/eikan/local_disk/liaoxuan/anaconda3/envs/cuda/bin/cmake -E cmake_progress_start /home/eikan/local_disk/liaoxuan/flash_attention_cuda/build/CMakeFiles 0
